imain   time  Length tot ALengthfl VLengthfl CLengthfl MLengthfl otherLengthfl nnv nsplus  nsminus  nsspr  nspruned
    1    0.00   1088.61      0.00      0.00    288.61      0.00      0.00       8       0       0       0       0
    2    0.05   1203.09      0.00      0.00    288.61      0.00      0.00       8      10       0       0       0
    3    0.10   1430.56      0.00      0.00    288.61      0.00      0.00       8      30       0       0       0
    4    0.15   1739.35      0.00      0.00    288.61      0.00      0.00       8      54       0       0       0
    5    0.20   2090.65    201.21     69.24    125.28      0.00      0.00      14      78       0       0       0
    6    0.25   2562.30    201.21     69.24    123.74      0.00      0.00      14     108       0       0       0
    7    0.30   3220.05    201.22     69.24    122.87      0.00      0.00      15     151       0       0       0
    8    0.35   3843.74    201.24     69.24    122.51      0.00      0.00      15     198       5       0       0
    9    0.40   4735.25    347.60     98.01    429.66    357.32      0.00      55     260       8       0       0
   10    0.45   5549.32    330.12    158.49    530.57    339.47      0.00      62     319      14       0       0
   11    0.50   6714.84    327.76    195.12    798.00    280.06      0.00      78     394      14       0       0
   12    0.55   8026.58    529.51    201.90   1206.94    557.69      0.00     129     476      14       0       0
   13    0.60   9463.29    700.36    248.10   1589.19    656.35      0.00     171     566      14       0       0
   14    0.65  11138.09    923.86    613.70   2466.10    821.75      0.00     271     676      15       0       0
   15    0.70  12894.61   1271.84   1188.26   2653.34    531.72      0.00     319     787      15       0       0
   16    0.75  14525.92   1152.91   1185.71   3549.89   1439.66      0.00     419     901      26       0       0
   17    0.80  16334.83   1988.53   1767.22   4310.65    945.14      0.00     518    1026      33       0       0
   18    0.85  18134.30   2751.66   2328.13   4702.48   1537.80      0.00     648    1153      43       0       0
   19    0.90  20020.57   2965.34   2139.76   5978.75   1607.10      0.00     730    1282      46       0       0
   20    0.95  21883.99   2812.05   2821.03   7309.08   1678.04      0.00     847    1404      47       0       0
   21    1.00  23340.18   3257.72   3414.72   8613.79   1605.70      0.00     983    1507      55       0       0
   22    1.05  24626.79   4032.00   3078.61   9076.07   1881.77      0.00    1053    1598      61       0       0
   23    1.10  25619.67   3495.57   3949.76  10347.04   2075.06      0.00    1163    1685      79       0       0
   24    1.15  26662.74   4102.96   4441.27  10410.00   2376.60      0.00    1252    1763      84       0       0
   25    1.20  27363.07   4790.50   4661.83  11463.12   2624.35      0.00    1377    1828     100       0       0
   26    1.25  27755.37   4831.55   4977.92  12067.06   2505.63      0.00    1425    1873     114       0       1
   27    1.30  28138.84   4642.80   4662.41  12879.43   3003.53      0.00    1468    1909     120       0       2
   28    1.35  28292.63   4756.38   4795.61  13393.72   3012.26      0.00    1512    1933     129       0       3
   29    1.40  27862.72   4889.24   4958.35  13065.29   2893.42      0.00    1501    1951     166       0      10
   30    1.45  27716.45   4384.07   4817.69  14359.26   2832.36      0.00    1527    1964     184       0      14
   31    1.50  27135.07   4526.16   4843.06  13920.66   2679.71      0.00    1504    1971     216       0      20
   32    1.55  26984.96   4901.58   4805.23  13835.37   2658.92      0.00    1515    1978     229       0      27
   33    1.60  26819.08   4903.03   4676.58  13843.39   2529.86      0.00    1498    1983     242       0      32
   34    1.65  26308.21   4637.36   4525.26  13695.49   2501.44      0.00    1462    1988     273       0      41
   35    1.70  26054.76   4601.63   4518.44  14153.60   2347.26      0.00    1473    1992     291       0      43
   36    1.75  25802.99   4982.98   4549.00  13473.51   2331.04      0.00    1457    1994     303       0      48
   37    1.80  25452.16   4976.12   4322.28  13355.35   2299.26      0.00    1434    1996     323       0      53
   38    1.85  25074.60   4993.30   4201.92  13050.84   2296.69      0.00    1409    1998     346       0      56
   39    1.90  24984.62   4983.12   4185.13  12974.54   2277.36      0.00    1402    2000     352       0      59
   40    1.95  24826.98   4662.04   4246.44  13082.23   2239.12      0.00    1391    2002     361       0      62
   41    2.00  24763.56   4658.76   4275.36  12944.94   2254.63      0.00    1385    2004     365       0      64
   42    2.05  24613.24   4699.91   4246.70  13166.61   2150.52      0.00    1392    2006     375       0      69
   43    2.10  24488.04   4705.50   4178.76  13098.50   2139.13      0.00    1380    2007     381       0      71
   44    2.15  24082.37   4672.82   4175.90  12697.58   2153.29      0.00    1355    2008     404       0      75
   45    2.20  24040.81   4651.40   4154.33  12683.44   2152.23      0.00    1353    2009     406       0      76
   46    2.25  23844.62   4648.48   4179.10  12449.68   2151.29      0.00    1341    2010     417       0      78
   47    2.30  23556.66   4583.46   4157.06  12233.00   2150.44      0.00    1322    2011     435       0      80
   48    2.35  23545.86   4578.76   4151.79  12216.30   2149.66      0.00    1318    2012     435       0      80
   49    2.40  23374.68   4575.49   4124.59  12078.45   2130.15      0.00    1307    2013     445       0      82
   50    2.45  23348.44   4572.34   4122.01  12041.92   2129.52      0.00    1305    2014     447       0      83
   51    2.50  23350.23   4569.29   4119.57  12033.15   2128.94      0.00    1304    2015     447       0      83
   52    2.55  23214.98   4574.16   3824.65  12259.15   2041.08      0.00    1293    2016     455       0      85
   53    2.60  23174.34   4499.71   3898.89  12105.90   2137.25      0.00    1290    2017     457       0      87
   54    2.65  23012.41   4355.96   3795.57  12175.14   2136.52      0.00    1278    2018     465       0      88
   55    2.70  22922.37   4331.34   3723.77  12165.56   2135.82      0.00    1273    2019     469       0      90
   56    2.75  22917.63   4410.63   3722.30  12077.65   2124.53      0.00    1271    2020     469       0      90
   57    2.80  22928.43   4408.33   3719.58  12070.81   2123.96      0.00    1271    2021     469       0      90
   58    2.85  22843.83   4504.63   3688.64  12022.04   2023.13      0.00    1267    2021     472       0      92
   59    2.90  22827.16   4507.58   3686.49  12006.48   2021.55      0.00    1266    2021     472       0      92
   60    2.95  22793.34   4504.45   3730.89  11840.41   1985.76      0.00    1257    2021     473       0      93
   61    3.00  22769.19   4499.95   3671.97  11973.74   2019.13      0.00    1262    2021     473       0      93
   62    3.05  22263.74   4471.61   3509.11  11752.05   1926.93      0.00    1236    2021     499       0      97
   63    3.10  22223.98   4468.74   3487.36  11739.01   1925.18      0.00    1233    2021     501       0      98
   64    3.15  22210.24   4458.48   3485.12  11739.68   1923.63      0.00    1232    2021     501       0      98
   65    3.20  22196.57   4456.24   3483.01  11732.08   1922.25      0.00    1231    2021     501       0      98
   66    3.25  22179.99   4448.85   3481.03  11726.46   1921.02      0.00    1230    2021     501       0      98
   67    3.30  22034.28   4459.11   3341.88  11734.06   1896.97      0.00    1220    2021     509       0     100
   68    3.35  22000.07   4339.07   3259.33  11904.04   1895.74      0.00    1219    2021     510       0     101
   69    3.40  21989.30   4336.59   3258.30  11898.17   1894.69      0.00    1219    2021     510       0     101
   70    3.45  21979.27   4334.33   3257.37  11892.55   1893.80      0.00    1219    2021     510       0     101
   71    3.50  21862.31   4142.06   3012.58  11992.16   2114.66      0.00    1212    2021     515       0     102
   72    3.55  21850.41   4137.00   3011.84  11987.08   2113.99      0.00    1211    2021     515       0     102
   73    3.60  21840.20   4135.73   3011.16  11979.72   2113.39      0.00    1210    2021     515       0     102
   74    3.65  21833.00   4134.62   3010.54  11975.14   2112.86      0.00    1210    2021     515       0     102
   75    3.70  21810.38   4133.62   3041.37  11948.42   2089.97      0.00    1208    2021     516       0     102
   76    3.75  21803.21   4132.74   3040.79  11944.54   2089.40      0.00    1208    2021     516       0     102
   77    3.80  21792.37   4131.96   3037.18  11939.67   2088.87      0.00    1207    2021     516       0     102
   78    3.85  21785.50   4131.25   3035.84  11936.18   2088.36      0.00    1207    2021     516       0     102
   79    3.90  21732.04   4076.98   3034.61  11939.39   2087.88      0.00    1204    2021     519       0     103
   80    3.95  21724.03   4076.40   3031.33  11936.25   2087.41      0.00    1203    2021     519       0     103
   81    4.00  21716.91   4075.86   3029.74  11933.10   2086.01      0.00    1202    2021     519       0     103
   82    4.05  21705.04   4080.07   3028.36  11919.24   2085.53      0.00    1201    2021     519       0     103
   83    4.10  21683.02   4079.62   3102.38  11835.07   2074.40      0.00    1200    2021     520       0     104
   84    4.15  21670.27   4079.20   3095.96  11829.86   2073.94      0.00    1199    2021     520       0     104
   85    4.20  21665.73   4078.82   3095.10  11827.23   2073.49      0.00    1199    2021     520       0     104
   86    4.25  21637.52   4066.85   3041.95  11865.83   2071.98      0.00    1197    2021     521       0     105
   87    4.30  21633.58   4066.48   3041.33  11863.45   2071.57      0.00    1197    2021     521       0     105
   88    4.35  21624.44   4066.13   3030.95  11868.22   2071.15      0.00    1196    2021     521       0     105
   89    4.40  21607.82   4018.40   3016.74  11914.09   2070.74      0.00    1195    2021     522       0     106
   90    4.45  21604.42   4018.12   3016.69  11911.51   2070.33      0.00    1195    2021     522       0     106
   91    4.50  21600.56   4017.85   3016.66  11908.45   2069.93      0.00    1194    2021     522       0     106
   92    4.55  21557.55   3989.27   3015.95  11895.19   2069.53      0.00    1191    2021     524       0     107
   93    4.60  21554.56   3989.01   3015.26  11893.58   2069.14      0.00    1191    2021     524       0     107
   94    4.65  21551.77   3988.76   3014.60  11892.11   2068.76      0.00    1191    2021     524       0     107
   95    4.70  21549.17   3988.52   3013.98  11890.77   2068.39      0.00    1191    2021     524       0     107
   96    4.75  21546.73   3988.28   3013.38  11889.55   2068.02      0.00    1191    2021     524       0     107
   97    4.80  21542.47   3988.05   3012.81  11886.47   2067.66      0.00    1190    2021     524       0     107
   98    4.85  21540.33   3987.82   3012.27  11885.47   2067.30      0.00    1190    2021     524       0     107
   99    4.90  21538.31   3987.60   3011.76  11884.56   2066.94      0.00    1190    2021     524       0     107
  100    4.95  21536.41   3987.39   3011.28  11883.71   2066.59      0.00    1190    2021     524       0     107
  101    5.00  21534.60   3987.18   3010.82  11882.93   2066.23      0.00    1190    2021     524       0     107
  102    5.05  21532.89   3986.97   3010.40  11882.21   2065.87      0.00    1190    2021     524       0     107
  103    5.10  21531.26   3986.77   3010.00  11881.54   2065.52      0.00    1190    2021     524       0     107
  104    5.15  21529.69   3986.58   3009.62  11880.91   2065.16      0.00    1190    2021     524       0     107
  105    5.20  21520.73   3990.62   3000.16  11877.73   2064.80      0.00    1188    2021     524       0     107
  106    5.25  21518.77   3989.71   3000.14  11877.05   2064.45      0.00    1188    2021     524       0     107
  107    5.30  21516.89   3988.85   3000.12  11876.40   2064.11      0.00    1188    2021     524       0     107
  108    5.35  21515.09   3988.03   3000.10  11875.78   2063.77      0.00    1188    2021     524       0     107
  109    5.40  21513.34   3987.22   3000.08  11875.18   2063.43      0.00    1188    2021     524       0     107
  110    5.45  21511.63   3986.43   3000.07  11874.62   2063.10      0.00    1188    2021     524       0     107
  111    5.50  21509.96   3985.66   3000.05  11874.08   2062.76      0.00    1188    2021     524       0     107
  112    5.55  21508.36   3984.92   3000.04  11873.57   2062.41      0.00    1188    2021     524       0     107
  113    5.60  21506.80   3984.21   3000.02  11873.10   2062.06      0.00    1188    2021     524       0     107
  114    5.65  21505.30   3983.53   3000.01  11872.64   2061.70      0.00    1188    2021     524       0     107
  115    5.70  21481.77   3981.30   2999.99  11863.91   2049.15      0.00    1185    2021     525       0     108
  116    5.75  21479.04   4102.60   3168.62  11757.11   1863.30      0.00    1185    2021     525       0     108
  117    5.80  21476.52   4102.08   3168.05  11755.71   1863.26      0.00    1185    2021     525       0     108
  118    5.85  21425.12   4101.33   3167.57  11705.58   1863.23      0.00    1183    2021     527       0     110
  119    5.90  21419.22   4100.62   3167.15  11700.84   1863.20      0.00    1182    2021     527       0     110
  120    5.95  21412.67   4099.96   3166.75  11695.62   1862.93      0.00    1181    2021     527       0     110
  121    6.00  21410.79   4099.34   3166.38  11695.02   1862.64      0.00    1181    2021     527       0     110
  122    6.05  21409.01   4098.76   3166.03  11694.46   1862.33      0.00    1181    2021     527       0     110
  123    6.10  21407.29   4098.21   3165.71  11693.93   1862.01      0.00    1181    2021     527       0     110
  124    6.15  21405.64   4097.69   3165.42  11693.43   1861.69      0.00    1181    2021     527       0     110
  125    6.20  21404.06   4097.20   3165.14  11692.95   1861.35      0.00    1181    2021     527       0     110
  126    6.25  21402.54   4096.74   3164.87  11692.49   1861.02      0.00    1181    2021     527       0     110
  127    6.30  21401.08   4096.30   3164.63  11692.05   1860.69      0.00    1181    2021     527       0     110
  128    6.35  21399.68   4095.88   3164.40  11691.63   1860.36      0.00    1181    2021     527       0     110
  129    6.40  21398.33   4095.49   3164.18  11691.22   1860.03      0.00    1181    2021     527       0     110
  130    6.45  21397.04   4095.11   3163.98  11690.83   1859.71      0.00    1181    2021     527       0     110
  131    6.50  21395.79   4094.75   3163.78  11690.45   1859.39      0.00    1181    2021     527       0     110
  132    6.55  21394.60   4094.41   3163.60  11690.08   1859.09      0.00    1181    2021     527       0     110
  133    6.60  21338.72   4094.08   3150.94  11647.52   1858.76      0.00    1178    2021     530       0     111
  134    6.65  21337.54   4093.75   3150.77  11647.15   1858.45      0.00    1178    2021     530       0     111
  135    6.70  21336.40   4093.42   3150.60  11646.82   1858.15      0.00    1178    2021     530       0     111
  136    6.75  21335.28   4093.08   3150.42  11646.50   1857.86      0.00    1178    2021     530       0     111
  137    6.80  21334.20   4092.75   3150.25  11646.20   1857.58      0.00    1178    2021     530       0     111
  138    6.85  21333.12   4092.43   3150.07  11645.90   1857.30      0.00    1178    2021     530       0     111
  139    6.90  21264.39   3861.71   3158.73  11846.65   1809.88      0.00    1173    2021     534       0     112
  140    6.95  21263.06   3861.37   3158.55  11846.11   1809.63      0.00    1173    2021     534       0     112
  141    7.00  21261.82   3861.02   3158.36  11845.65   1809.38      0.00    1173    2021     534       0     112
  142    7.05  21260.65   3860.67   3158.18  11845.25   1809.14      0.00    1173    2021     534       0     112
  143    7.10  21259.53   3860.31   3158.00  11844.91   1808.91      0.00    1173    2021     534       0     112
  144    7.15  21256.67   3859.94   2996.25  11847.05   1966.01      0.00    1172    2021     534       0     112
  145    7.20  21254.93   3859.58   2996.24  11846.34   1965.36      0.00    1172    2021     534       0     112
  146    7.25  21253.26   3859.21   2996.23  11845.67   1964.74      0.00    1172    2021     534       0     112
  147    7.30  21251.67   3858.84   2996.23  11845.05   1964.15      0.00    1172    2021     534       0     112
  148    7.35  21250.16   3858.47   2996.22  11844.47   1963.59      0.00    1172    2021     534       0     112
  149    7.40  21248.72   3858.11   2996.21  11843.93   1963.06      0.00    1172    2021     534       0     112
  150    7.45  21247.35   3857.75   2996.21  11843.43   1962.56      0.00    1172    2021     534       0     112
  151    7.50  21246.05   3857.39   2996.20  11842.97   1962.08      0.00    1172    2021     534       0     112
  152    7.55  21244.82   3857.03   2996.20  11842.56   1961.63      0.00    1172    2021     534       0     112
  153    7.60  21243.67   3856.68   2996.19  11842.18   1961.22      0.00    1172    2021     534       0     112
  154    7.65  21242.58   3856.33   2996.19  11841.83   1960.82      0.00    1172    2021     534       0     112
  155    7.70  21237.67   3855.98   2996.19  11837.63   1960.45      0.00    1171    2021     534       0     112
  156    7.75  21236.94   3855.65   2996.18  11837.59   1960.11      0.00    1171    2021     534       0     112
  157    7.80  21235.26   3866.01   2996.18  11827.67   1958.00      0.00    1169    2021     534       0     112
  158    7.85  21234.23   3865.23   2996.17  11827.64   1957.79      0.00    1169    2021     534       0     112
  159    7.90  21233.27   3864.48   2996.17  11827.63   1957.59      0.00    1169    2021     534       0     112
  160    7.95  21232.36   3863.76   2996.17  11827.62   1957.41      0.00    1169    2021     534       0     112
  161    8.00  21231.50   3863.07   2996.16  11827.63   1957.24      0.00    1169    2021     534       0     112
  162    8.05  21230.69   3862.41   2996.16  11827.63   1957.07      0.00    1169    2021     534       0     112
  163    8.10  21229.92   3861.78   2996.16  11827.65   1956.92      0.00    1169    2021     534       0     112
  164    8.15  21229.18   3861.17   2996.16  11827.66   1956.78      0.00    1169    2021     534       0     112
  165    8.20  21228.48   3860.59   2996.15  11827.68   1956.65      0.00    1169    2021     534       0     112
  166    8.25  21227.81   3860.02   2996.15  11827.70   1956.53      0.00    1169    2021     534       0     112
  167    8.30  21227.17   3859.48   2996.15  11827.72   1956.41      0.00    1169    2021     534       0     112
  168    8.35  21226.55   3858.95   2996.15  11827.74   1956.30      0.00    1169    2021     534       0     112
  169    8.40  21169.55   3858.44   3064.80  11755.53   1903.36      0.00    1167    2021     536       0     113
  170    8.45  21168.39   3857.94   3064.21  11755.56   1903.27      0.00    1167    2021     536       0     113
  171    8.50  21167.32   3857.45   3063.69  11755.59   1903.19      0.00    1167    2021     536       0     113
  172    8.55  21166.33   3856.96   3063.24  11755.61   1903.11      0.00    1167    2021     536       0     113
  173    8.60  21165.42   3856.49   3062.86  11755.64   1903.03      0.00    1167    2021     536       0     113
  174    8.65  21164.59   3856.03   3062.53  11755.65   1902.96      0.00    1167    2021     536       0     113
  175    8.70  21144.71   3855.57   3150.11  11725.90   1825.71      0.00    1166    2021     537       0     114
  176    8.75  21143.29   3855.13   3149.24  11725.85   1825.65      0.00    1166    2021     537       0     114
  177    8.80  21142.18   3854.70   3148.67  11725.79   1825.60      0.00    1166    2021     537       0     114
  178    8.85  21140.62   3854.28   3147.66  11725.72   1825.56      0.00    1165    2021     537       0     114
  179    8.90  21139.94   3853.87   3147.51  11725.64   1825.51      0.00    1165    2021     537       0     114
  180    8.95  21139.29   3853.47   3147.39  11725.55   1825.47      0.00    1165    2021     537       0     114
  181    9.00  21138.66   3853.08   3147.28  11725.46   1825.44      0.00    1165    2021     537       0     114
  182    9.05  21138.05   3852.70   3147.18  11725.36   1825.40      0.00    1165    2021     537       0     114
  183    9.10  21107.92   3811.90   3072.50  11810.73   1825.37      0.00    1163    2021     539       0     115
  184    9.15  21107.35   3811.54   3072.47  11810.60   1825.34      0.00    1163    2021     539       0     115
  185    9.20  21106.81   3811.19   3072.45  11810.46   1825.31      0.00    1163    2021     539       0     115
  186    9.25  21106.30   3810.85   3072.42  11810.33   1825.29      0.00    1163    2021     539       0     115
  187    9.30  21105.80   3810.52   3072.40  11810.20   1825.27      0.00    1163    2021     539       0     115
  188    9.35  21102.58   3799.73   3072.39  11817.81   1825.24      0.00    1162    2021     539       0     115
  189    9.40  21101.67   3798.89   3072.38  11817.77   1825.22      0.00    1162    2021     539       0     115
  190    9.45  21100.87   3798.16   3072.36  11817.74   1825.21      0.00    1162    2021     539       0     115
  191    9.50  21100.16   3797.51   3072.35  11817.70   1825.19      0.00    1162    2021     539       0     115
  192    9.55  21099.52   3796.94   3072.34  11817.66   1825.17      0.00    1162    2021     539       0     115
  193    9.60  21098.94   3796.43   3072.34  11817.62   1825.16      0.00    1162    2021     539       0     115
  194    9.65  21098.41   3795.97   3072.33  11817.56   1825.14      0.00    1162    2021     539       0     115
  195    9.70  21097.91   3795.57   3072.32  11817.49   1825.13      0.00    1162    2021     539       0     115
  196    9.75  21097.45   3795.19   3072.32  11817.42   1825.11      0.00    1162    2021     539       0     115
  197    9.80  21097.02   3794.86   3072.31  11817.33   1825.10      0.00    1162    2021     539       0     115
  198    9.85  21096.61   3794.55   3072.31  11817.25   1825.09      0.00    1162    2021     539       0     115
  199    9.90  21096.21   3794.26   3072.31  11817.16   1825.08      0.00    1162    2021     539       0     115
  200    9.95  21095.84   3794.00   3072.30  11817.06   1825.07      0.00    1162    2021     539       0     115
  201   10.00  21095.49   3793.75   3072.30  11816.97   1825.06      0.00    1162    2021     539       0     115
