imain   time  Length tot Lengthfl Total segs Total flow segs Total vol Total flow vol nnv
    1    0.00   1088.6    288.6          24           6     59533.5    19321.2           8
    2    0.05   1203.1    288.6          34           6     64499.4    18532.6           8
    3    0.10   1430.6    288.6          54           7     75218.9    17818.2           8
    4    0.15   1739.3    288.6          76           7     90136.3    17214.3           8
    5    0.20   2090.6    395.7         100          13    107196.8    22001.1          14
    6    0.25   2562.3    394.2         130          13    129762.5    20781.6          14
    7    0.30   3220.1    393.3         173          14    161837.0    19750.6          15
    8    0.35   3843.7    393.0         208          14    192332.5    18878.4          15
    9    0.40   4735.3   1232.6         263          54    236399.3    60335.4          55
   10    0.45   5549.3   1358.7         312          61    273711.8    63065.3          62
   11    0.50   6714.8   1600.9         384          77    328459.2    71406.4          78
   12    0.55   8026.6   2496.0         465         128    390019.0   112024.4         129
   13    0.60   9463.3   3194.0         552         170    455914.3   140787.9         171
   14    0.65  11138.1   4825.4         655         270    531681.1   214375.1         271
   15    0.70  12894.6   5645.2         758         318    608408.4   244015.3         319
   16    0.75  14525.9   7328.2         855         418    671524.7   309731.1         419
   17    0.80  16334.8   9011.5         961         517    738818.3   370713.3         518
   18    0.85  18134.3  11320.1        1063         647    800055.6   457537.8         648
   19    0.90  20020.6  12691.0        1178         729    858926.3   490502.5         730
   20    0.95  21884.0  14620.3        1291         846    917536.8   552421.9         847
   21    1.00  23340.2  16892.0        1378         982    949878.6   625759.4         983
   22    1.05  24626.8  18068.5        1452        1052    967062.3   637408.7        1053
   23    1.10  25619.7  19867.5        1513        1162    975499.9   688130.6        1163
   24    1.15  26662.7  21330.9        1575        1251    984054.2   717044.4        1252
   25    1.20  27363.1  23539.9        1611        1376    973086.6   780915.0        1377
   26    1.25  27755.4  24382.3        1630        1424    941595.8   772045.0        1425
   27    1.30  28138.8  25188.3        1647        1467    917491.3   769181.4        1468
   28    1.35  28292.6  25958.1        1652        1511    886780.3   769434.1        1512
   29    1.40  27862.7  25806.4        1624        1500    852419.6   749059.1        1501
   30    1.45  27716.5  26393.5        1605        1526    818828.7   753039.9        1527
   31    1.50  27135.1  25969.7        1574        1504    771807.5   713513.4        1504
   32    1.55  26985.0  26201.2        1562        1515    744544.6   705432.8        1515
   33    1.60  26819.1  25953.0        1550        1498    719455.7   676202.4        1498
   34    1.65  26308.2  25359.6        1519        1462    695334.3   647936.2        1462
   35    1.70  26054.8  25621.0        1499        1473    667989.7   646470.1        1473
   36    1.75  25803.0  25336.6        1485        1457    650049.4   626888.3        1457
   37    1.80  25452.2  24953.1        1464        1434    633675.8   608871.9        1434
   38    1.85  25074.6  24542.9        1441        1409    620012.7   593565.0        1409
   39    1.90  24984.6  24420.3        1436        1402    610257.3   582169.0        1402
   40    1.95  24827.0  24229.9        1427        1391    601805.6   572073.8        1391
   41    2.00  24763.6  24133.8        1423        1385    594871.5   563494.7        1385
   42    2.05  24613.2  24263.9        1413        1392    588752.6   571191.3        1392
   43    2.10  24488.0  24122.0        1402        1380    581826.6   563428.8        1380
   44    2.15  24082.4  23699.7        1378        1355    573588.3   554353.9        1355
   45    2.20  24040.8  23641.5        1377        1353    570038.4   549967.6        1353
   46    2.25  23844.6  23428.7        1366        1341    565921.8   545014.3        1341
   47    2.30  23556.7  23124.1        1348        1322    561372.6   539628.4        1322
   48    2.35  23545.9  23096.6        1345        1318    559397.9   536816.8        1318
   49    2.40  23374.7  22908.8        1335        1307    556410.9   532993.2        1307
   50    2.45  23348.4  22865.9        1334        1305    555390.5   531135.9        1305
   51    2.50  23350.2  22851.0        1334        1304    554692.3   529601.0        1304
   52    2.55  23215.0  22699.1        1324        1293    552922.2   526994.0        1293
   53    2.60  23174.3  22641.9        1322        1290    552215.1   525449.9        1290
   54    2.65  23012.4  22463.3        1311        1278    550477.8   522876.0        1278
   55    2.70  22922.4  22356.6        1307        1273    549485.4   521046.7        1273
   56    2.75  22917.6  22335.2        1306        1271    549153.0   519877.4        1271
   57    2.80  22928.4  22322.8        1307        1271    549164.4   518721.6        1271
   58    2.85  22843.8  22238.5        1303        1267    547490.6   517065.5        1267
   59    2.90  22827.2  22222.2        1302        1266    546143.4   515735.8        1266
   60    2.95  22793.3  22061.6        1301        1257    544830.1   513175.8        1257
   61    3.00  22769.2  22164.9        1298        1262    543195.3   512821.2        1262
   62    3.05  22263.7  21659.8        1272        1236    537667.4   507310.6        1236
   63    3.10  22224.0  21620.4        1269        1233    535101.9   504762.8        1233
   64    3.15  22210.2  21607.0        1268        1232    533188.1   502866.9        1232
   65    3.20  22196.6  21593.7        1267        1231    531580.4   501277.2        1231
   66    3.25  22180.0  21577.5        1266        1230    530260.8   499975.7        1230
   67    3.30  22034.3  21432.1        1256        1220    527890.5   497623.4        1220
   68    3.35  22000.1  21398.3        1255        1219    526568.9   496319.8        1219
   69    3.40  21989.3  21387.8        1255        1219    525634.7   495403.4        1219
   70    3.45  21979.3  21378.2        1255        1219    524915.1   494701.4        1219
   71    3.50  21862.3  21261.6        1248        1212    523257.3   493061.0        1212
   72    3.55  21850.4  21250.0        1247        1211    522632.0   492453.0        1211
   73    3.60  21840.2  21240.1        1246        1210    522175.7   492013.5        1210
   74    3.65  21833.0  21233.3        1246        1210    521830.3   491684.7        1210
   75    3.70  21810.4  21213.5        1243        1208    521207.7   491204.1        1208
   76    3.75  21803.2  21207.6        1243        1208    520901.1   490961.7        1208
   77    3.80  21792.4  21197.8        1242        1207    520465.8   490578.8        1207
   78    3.85  21785.5  21191.7        1242        1207    520221.1   490376.4        1207
   79    3.90  21732.0  21139.0        1239        1204    519607.8   489796.9        1204
   80    3.95  21724.0  21131.5        1238        1203    519457.5   489673.6        1203
   81    4.00  21716.9  21124.8        1237        1202    519182.3   489420.4        1202
   82    4.05  21705.0  21113.3        1236        1201    518874.7   489130.8        1201
   83    4.10  21683.0  21091.6        1235        1200    518534.1   488805.1        1200
   84    4.15  21670.3  21079.1        1234        1199    518205.2   488488.6        1199
   85    4.20  21665.7  21074.7        1234        1199    518032.7   488326.7        1199
   86    4.25  21637.5  21046.7        1232        1197    517696.8   487999.9        1197
   87    4.30  21633.6  21042.9        1232        1197    517496.4   487807.4        1197
   88    4.35  21624.4  21036.5        1230        1196    516992.0   487441.9        1196
   89    4.40  21607.8  21020.1        1229        1195    516749.5   487206.0        1195
   90    4.45  21604.4  21016.8        1229        1195    516627.3   487088.8        1195
   91    4.50  21600.6  21013.0        1228        1194    516497.1   486962.5        1194
   92    4.55  21557.5  20970.0        1225        1191    516048.1   486516.5        1191
   93    4.60  21554.6  20967.1        1225        1191    515925.6   486396.4        1191
   94    4.65  21551.8  20964.3        1225        1191    515814.2   486286.7        1191
   95    4.70  21549.2  20961.8        1225        1191    515708.2   486182.1        1191
   96    4.75  21546.7  20959.3        1225        1191    515608.7   486083.7        1191
   97    4.80  21542.5  20955.1        1224        1190    515472.6   485948.4        1190
   98    4.85  21540.3  20953.0        1224        1190    515376.7   485853.2        1190
   99    4.90  21538.3  20951.0        1224        1190    515284.9   485761.8        1190
  100    4.95  21536.4  20949.1        1224        1190    515196.0   485673.4        1190
  101    5.00  21534.6  20947.3        1224        1190    515107.6   485585.3        1190
  102    5.05  21532.9  20945.6        1224        1190    515020.3   485498.2        1190
  103    5.10  21531.3  20943.9        1224        1190    514933.6   485411.7        1190
  104    5.15  21529.7  20942.4        1224        1190    514847.1   485325.3        1190
  105    5.20  21520.7  20933.4        1222        1188    514644.6   485122.9        1188
  106    5.25  21518.8  20931.4        1222        1188    514551.1   485029.5        1188
  107    5.30  21516.9  20929.6        1222        1188    514456.2   484934.7        1188
  108    5.35  21515.1  20927.8        1222        1188    514359.8   484838.4        1188
  109    5.40  21513.3  20926.0        1222        1188    514262.2   484740.8        1188
  110    5.45  21511.6  20924.3        1222        1188    514164.3   484643.0        1188
  111    5.50  21510.0  20922.6        1222        1188    514064.7   484543.3        1188
  112    5.55  21508.4  20921.0        1222        1188    513963.1   484441.8        1188
  113    5.60  21506.8  20919.5        1222        1188    513860.8   484339.5        1188
  114    5.65  21505.3  20918.0        1222        1188    513755.3   484233.9        1188
  115    5.70  21481.8  20894.4        1219        1185    513284.8   483763.5        1185
  116    5.75  21479.0  20891.7        1219        1185    512953.6   483432.3        1185
  117    5.80  21476.5  20889.2        1219        1185    512385.7   482864.4        1185
  118    5.85  21425.1  20837.8        1217        1183    511610.6   482089.3        1183
  119    5.90  21419.2  20831.9        1216        1182    511150.6   481629.3        1182
  120    5.95  21412.7  20825.3        1215        1181    510718.4   481197.1        1181
  121    6.00  21410.8  20823.5        1215        1181    510413.9   480892.6        1181
  122    6.05  21409.0  20821.7        1215        1181    510160.0   480638.7        1181
  123    6.10  21407.3  20820.0        1215        1181    509947.7   480426.4        1181
  124    6.15  21405.6  20818.3        1215        1181    509770.3   480249.0        1181
  125    6.20  21404.1  20816.7        1215        1181    509620.7   480099.4        1181
  126    6.25  21402.5  20815.2        1215        1181    509493.6   479972.3        1181
  127    6.30  21401.1  20813.8        1215        1181    509384.2   479862.9        1181
  128    6.35  21399.7  20812.4        1215        1181    509289.2   479767.9        1181
  129    6.40  21398.3  20811.0        1215        1181    509203.3   479682.0        1181
  130    6.45  21397.0  20809.7        1215        1181    509126.1   479604.8        1181
  131    6.50  21395.8  20808.5        1215        1181    509055.8   479534.5        1181
  132    6.55  21394.6  20807.3        1215        1181    508989.4   479468.1        1181
  133    6.60  21338.7  20751.4        1212        1178    508474.8   478953.5        1178
  134    6.65  21337.5  20750.2        1212        1178    508261.2   478739.9        1178
  135    6.70  21336.4  20749.1        1212        1178    508075.4   478554.2        1178
  136    6.75  21335.3  20748.0        1212        1178    507910.8   478389.5        1178
  137    6.80  21334.2  20746.9        1212        1178    507766.1   478244.8        1178
  138    6.85  21333.1  20745.8        1212        1178    507635.6   478114.3        1178
  139    6.90  21264.4  20677.1        1207        1173    506941.0   477419.7        1173
  140    6.95  21263.1  20675.7        1207        1173    506498.3   476977.0        1173
  141    7.00  21261.8  20674.5        1207        1173    506137.8   476616.6        1173
  142    7.05  21260.6  20673.3        1207        1173    505845.3   476324.0        1173
  143    7.10  21259.5  20672.2        1207        1173    505608.4   476087.1        1173
  144    7.15  21256.7  20669.3        1206        1172    505304.5   475783.3        1172
  145    7.20  21254.9  20667.6        1206        1172    505130.1   475608.8        1172
  146    7.25  21253.3  20665.9        1206        1172    504983.6   475462.3        1172
  147    7.30  21251.7  20664.3        1206        1172    504859.9   475338.6        1172
  148    7.35  21250.2  20662.8        1206        1172    504753.9   475232.7        1172
  149    7.40  21248.7  20661.4        1206        1172    504661.9   475140.6        1172
  150    7.45  21247.4  20660.0        1206        1172    504580.2   475058.9        1172
  151    7.50  21246.0  20658.7        1206        1172    504506.9   474985.7        1172
  152    7.55  21244.8  20657.5        1206        1172    504440.5   474919.2        1172
  153    7.60  21243.7  20656.3        1206        1172    504379.0   474857.7        1172
  154    7.65  21242.6  20655.3        1206        1172    504321.5   474800.2        1172
  155    7.70  21237.7  20650.3        1205        1171    504214.8   474693.5        1171
  156    7.75  21236.9  20649.6        1205        1171    504156.7   474635.4        1171
  157    7.80  21235.3  20647.9        1203        1169    504180.8   474659.5        1169
  158    7.85  21234.2  20646.9        1203        1169    504125.8   474604.5        1169
  159    7.90  21233.3  20645.9        1203        1169    504069.9   474548.6        1169
  160    7.95  21232.4  20645.0        1203        1169    504014.9   474493.7        1169
  161    8.00  21231.5  20644.2        1203        1169    503959.9   474438.6        1169
  162    8.05  21230.7  20643.4        1203        1169    503908.0   474386.7        1169
  163    8.10  21229.9  20642.6        1203        1169    503856.7   474335.4        1169
  164    8.15  21229.2  20641.9        1203        1169    503808.1   474286.8        1169
  165    8.20  21228.5  20641.2        1203        1169    503761.8   474240.6        1169
  166    8.25  21227.8  20640.5        1203        1169    503717.4   474196.2        1169
  167    8.30  21227.2  20639.8        1203        1169    503676.1   474154.8        1169
  168    8.35  21226.5  20639.2        1203        1169    503635.6   474114.3        1169
  169    8.40  21169.6  20582.2        1201        1167    503124.6   473603.3        1167
  170    8.45  21168.4  20581.1        1201        1167    502982.8   473461.6        1167
  171    8.50  21167.3  20580.0        1201        1167    502868.0   473346.7        1167
  172    8.55  21166.3  20579.0        1201        1167    502774.1   473252.8        1167
  173    8.60  21165.4  20578.1        1201        1167    502697.0   473175.8        1167
  174    8.65  21164.6  20577.3        1201        1167    502635.4   473114.1        1167
  175    8.70  21144.7  20557.4        1200        1166    502425.8   472904.5        1166
  176    8.75  21143.3  20556.0        1200        1166    502336.3   472815.0        1166
  177    8.80  21142.2  20554.9        1200        1166    502265.0   472743.8        1166
  178    8.85  21140.6  20553.3        1199        1165    502178.6   472657.3        1165
  179    8.90  21139.9  20552.6        1199        1165    502133.7   472612.4        1165
  180    8.95  21139.3  20552.0        1199        1165    502093.9   472572.6        1165
  181    9.00  21138.7  20551.3        1199        1165    502057.8   472536.5        1165
  182    9.05  21138.1  20550.7        1199        1165    502025.3   472504.0        1165
  183    9.10  21107.9  20520.6        1197        1163    501756.6   472235.3        1163
  184    9.15  21107.4  20520.0        1197        1163    501666.4   472145.1        1163
  185    9.20  21106.8  20519.5        1197        1163    501591.8   472070.6        1163
  186    9.25  21106.3  20519.0        1197        1163    501531.7   472010.4        1163
  187    9.30  21105.8  20518.5        1197        1163    501481.3   471960.0        1163
  188    9.35  21102.6  20515.3        1196        1162    501317.4   471796.1        1162
  189    9.40  21101.7  20514.3        1196        1162    501238.6   471717.3        1162
  190    9.45  21100.9  20513.5        1196        1162    501173.3   471652.0        1162
  191    9.50  21100.2  20512.8        1196        1162    501121.7   471600.4        1162
  192    9.55  21099.5  20512.2        1196        1162    501078.4   471557.1        1162
  193    9.60  21098.9  20511.6        1196        1162    501042.6   471521.3        1162
  194    9.65  21098.4  20511.1        1196        1162    501012.9   471491.7        1162
  195    9.70  21097.9  20510.6        1196        1162    500987.2   471465.9        1162
  196    9.75  21097.5  20510.1        1196        1162    500964.8   471443.6        1162
  197    9.80  21097.0  20509.7        1196        1162    500944.9   471423.6        1162
  198    9.85  21096.6  20509.3        1196        1162    500926.3   471405.1        1162
  199    9.90  21096.2  20508.9        1196        1162    500907.6   471386.3        1162
  200    9.95  21095.8  20508.5        1196        1162    500891.3   471370.0        1162
  201   10.00  21095.5  20508.2        1196        1162    500875.9   471354.7        1162
