 imain runtime nseg   nnv  nnt   kmain convflag convflagv convflagt isp errvessel errtissue ...
     1    2.74    24     8  3675    16        1        1        1    1 6.56e-04 4.09e-03
     2    0.52    34     8  3675     7        1        1        1    1 1.05e-03 5.07e-03
     3    2.61    54     8  3675   101        0        1        1    1 1.07e-04 2.38e-02
     4    2.24    78     8  3675   101        0        1        1    1 3.05e-05 2.26e-02
     5    3.60   102    14  3675   101        0        1        1    1 2.06e-04 1.84e-02
     6    0.51   132    14  3675     8        1        1        1    1 7.63e-05 6.69e-03
     7    3.10   175    15  3675   101        0        1        1    1 1.30e-04 2.09e-02
     8    2.39   222    15  3675   101        0        1        1    1 2.44e-04 1.16e-02
     9    5.57   284    55  3675   101        0        1        1    1 5.84e-04 1.63e-02
    10    2.95   343    62  3675    43        1        1        1    1 4.71e-04 9.97e-03
    11    4.41   418    78  3675   101        0        1        1    1 6.71e-04 1.72e-02
    12    6.42   500   129  3675    25        1        1        1    1 1.37e-03 5.24e-03
    13    6.43   590   171  3675    39        1        1        1    1 9.80e-03 8.54e-03
    14    5.71   700   271  3675    42        1        1        1    1 8.44e-03 9.84e-03
    15    6.63   811   319  3675    18        1        1        1    1 5.17e-03 5.06e-03
    16    6.93   925   419  3675    32        1        1        1    1 2.15e-03 7.40e-03
    17    7.12  1050   518  3675    36        1        1        1    1 8.38e-03 8.90e-03
    18    9.10  1177   648  3675    47        1        1        1    1 3.12e-03 9.12e-03
    19   13.12  1306   730  3675   101        0        1        1    1 7.82e-03 1.01e-02
    20   18.86  1428   847  3675    55        1        1        1    1 9.86e-03 9.89e-03
    21   29.65  1531   983  3675   101        0        1        1    1 6.78e-03 1.21e-02
    22   25.54  1622  1053  3675    94        1        1        1    1 2.09e-03 9.95e-03
    23   26.32  1709  1163  3675   101        0        0        1    1 1.85e-03 1.38e-02
    24   22.86  1787  1252  3675    69        1        1        1    1 1.67e-03 9.95e-03
    25   58.09  1852  1377  3675   101        1        0        1    1 2.35e-03 9.88e-03
    26   29.75  1897  1425  3675   101        0        0        1    1 2.03e-03 1.06e-02
    27   32.10  1933  1468  3675    83        1        1        1    1 7.45e-03 8.05e-03
    28   32.34  1957  1512  3675   101        0        1        1    1 1.76e-03 1.01e-02
    29   31.10  1975  1501  3675   101        0        0        1    1 1.91e-03 1.69e-02
    30   25.22  1988  1527  3675   101        0        1        1    1 2.77e-03 1.65e-02
    31   42.29  1995  1504  3675   101        0        0        1    1 1.13e-03 1.58e-02
    32   25.95  2002  1515  3675   101        0        1        1    1 1.36e-03 1.03e-02
    33   23.79  2007  1498  3675   101        0        1        1    1 5.11e-04 1.55e-02
    34   23.73  2012  1462  3675   101        0        1        1    1 8.62e-04 1.32e-02
    35   28.31  2016  1473  3675   101        0        0        1    1 7.55e-04 1.33e-02
    36   26.40  2018  1457  3675   101        0        0        1    1 1.35e-03 1.94e-02
    37   22.67  2020  1434  3675   101        0        0        1    1 8.62e-04 1.62e-02
    38   20.96  2022  1409  3675    91        1        1        1    1 7.86e-04 9.82e-03
    39    3.69  2024  1402  3675    11        1        1        1    1 4.50e-04 9.96e-03
    40   29.22  2026  1391  3675   101        0        1        1    1 6.56e-04 1.12e-02
    41    4.44  2028  1385  3675    18        1        1        1    1 9.19e-04 9.99e-03
    42    7.93  2030  1392  3675    35        1        1        1    1 6.64e-04 9.98e-03
    43   13.34  2031  1380  3675    65        1        1        1    1 6.48e-04 9.99e-03
    44   21.36  2032  1355  3675   101        0        1        1    1 8.05e-04 1.97e-02
    45   19.62  2033  1353  3675    89        1        1        1    1 7.02e-04 1.00e-02
    46    5.48  2034  1341  3675    27        1        1        1    1 6.68e-04 9.87e-03
    47   16.18  2035  1322  3675    84        1        1        1    1 6.79e-04 9.96e-03
    48    1.41  2036  1318  3675     6        1        1        1    1 7.63e-04 8.40e-03
    49   17.21  2037  1307  3675   101        0        1        1    1 7.25e-04 1.10e-02
    50    1.56  2038  1305  3675     7        1        1        1    1 6.48e-04 9.62e-03
    51    1.05  2039  1304  3675     4        1        1        1    1 1.49e-03 8.49e-03
    52   14.02  2040  1293  3675   101        0        1        1    1 1.31e-03 1.23e-02
    53    1.10  2041  1290  3675     5        1        1        1    1 6.41e-04 9.87e-03
    54   24.70  2042  1278  3675   101        0        1        1    1 7.40e-04 1.17e-02
    55    8.45  2043  1273  3675    35        1        1        1    1 6.18e-04 9.92e-03
    56    2.14  2044  1271  3675     7        1        1        1    1 5.76e-04 9.93e-03
    57    4.84  2045  1271  3675    18        1        1        1    1 7.86e-04 9.94e-03
    58    2.68  2045  1267  3675    10        1        1        1    1 7.32e-04 9.98e-03
    59    7.44  2045  1266  3675    31        1        1        1    1 7.36e-04 9.93e-03
    60    0.81  2045  1257  3675     3        1        1        1    1 2.74e-03 8.02e-03
    61    1.57  2045  1262  3675     5        1        1        1    1 6.33e-04 6.58e-03
    62    7.58  2045  1236  3675    48        1        1        1    1 6.79e-04 9.96e-03
    63    1.57  2045  1233  3675     8        1        1        1    1 5.49e-04 8.04e-03
    64    1.08  2045  1232  3675     5        1        1        1    1 7.48e-04 6.62e-03
    65    1.09  2045  1231  3675     5        1        1        1    1 5.87e-04 5.36e-03
    66    1.09  2045  1230  3675     5        1        1        1    1 5.65e-04 5.94e-03
    67    2.79  2045  1220  3675    16        1        1        1    1 8.54e-04 9.93e-03
    68    1.09  2045  1219  3675     5        1        1        1    1 6.18e-04 7.80e-03
    69    1.08  2045  1219  3675     5        1        1        1    1 5.72e-04 6.05e-03
    70    0.92  2045  1219  3675     4        1        1        1    1 8.43e-04 4.65e-03
    71    1.15  2045  1212  3675     6        1        1        1    1 7.63e-04 5.05e-03
    72    0.93  2045  1211  3675     4        1        1        1    1 9.42e-04 7.01e-03
    73    1.01  2045  1210  3675     5        1        1        1    1 3.59e-04 5.78e-03
    74    1.05  2045  1210  3675     5        1        1        1    1 5.87e-04 4.78e-03
    75    0.89  2045  1208  3675     4        1        1        1    1 7.78e-04 3.98e-03
    76    0.98  2045  1208  3675     5        1        1        1    1 6.94e-04 3.28e-03
    77    1.04  2045  1207  3675     5        1        1        1    1 6.87e-04 3.45e-03
    78    0.88  2045  1207  3675     4        1        1        1    1 6.26e-04 2.98e-03
    79    0.73  2045  1204  3675     3        1        1        1    1 8.81e-04 2.86e-03
    80    0.74  2045  1203  3675     3        1        1        1    1 8.16e-04 3.05e-03
    81    1.09  2045  1202  3675     5        1        1        1    1 6.18e-04 2.42e-03
    82    0.86  2045  1201  3675     4        1        1        1    1 6.64e-04 7.80e-03
    83    0.72  2045  1200  3675     3        1        1        1    1 4.84e-04 6.09e-03
    84    0.89  2045  1199  3675     4        1        1        1    1 5.00e-04 4.71e-03
    85    0.88  2045  1199  3675     4        1        1        1    1 6.10e-04 3.64e-03
    86    0.73  2045  1197  3675     3        1        1        1    1 6.41e-04 2.83e-03
    87    0.73  2045  1197  3675     3        1        1        1    1 7.32e-04 2.19e-03
    88    0.81  2045  1196  3675     4        1        1        1    1 7.63e-04 4.27e-03
    89    0.88  2045  1195  3675     4        1        1        1    1 4.31e-04 3.30e-03
    90    0.66  2045  1195  3675     3        1        1        1    1 6.56e-04 2.55e-03
    91    0.81  2045  1194  3675     4        1        1        1    1 7.48e-04 1.96e-03
    92    0.81  2045  1191  3675     4        1        1        1    1 6.48e-04 7.13e-03
    93    0.72  2045  1191  3675     3        1        1        1    1 7.02e-04 5.70e-03
    94    0.66  2045  1191  3675     3        1        1        1    1 5.99e-04 4.57e-03
    95    0.73  2045  1191  3675     3        1        1        1    1 8.47e-04 3.69e-03
    96    0.73  2045  1191  3675     3        1        1        1    1 6.87e-04 2.99e-03
    97    0.81  2045  1190  3675     4        1        1        1    1 7.48e-04 2.41e-03
    98    0.72  2045  1190  3675     3        1        1        1    1 6.87e-04 1.97e-03
    99    0.81  2045  1190  3675     4        1        1        1    1 7.25e-04 1.75e-03
   100    0.73  2045  1190  3675     3        1        1        1    1 6.41e-04 1.59e-03
   101    0.67  2045  1190  3675     3        1        1        1    1 7.63e-04 1.42e-03
   102    0.75  2045  1190  3675     3        1        1        1    1 6.94e-04 1.27e-03
   103    0.74  2045  1190  3675     3        1        1        1    1 7.32e-04 1.13e-03
   104    0.73  2045  1190  3675     3        1        1        1    1 7.32e-04 9.96e-04
   105    0.74  2045  1188  3675     3        1        1        1    1 6.41e-04 5.64e-03
   106    0.72  2045  1188  3675     3        1        1        1    1 6.18e-04 4.32e-03
   107    0.74  2045  1188  3675     3        1        1        1    1 7.48e-04 3.33e-03
   108    0.89  2045  1188  3675     4        1        1        1    1 6.56e-04 2.56e-03
   109    0.80  2045  1188  3675     4        1        1        1    1 4.81e-04 1.96e-03
   110    0.72  2045  1188  3675     3        1        1        1    1 7.10e-04 1.51e-03
   111    0.81  2045  1188  3675     4        1        1        1    1 5.42e-04 1.15e-03
   112    0.95  2045  1188  3675     3        1        1        1    1 6.18e-04 9.57e-04
   113    0.73  2045  1188  3675     3        1        1        1    1 7.63e-04 1.00e-03
   114    0.73  2045  1188  3675     3        1        1        1    1 6.94e-04 1.03e-03
   115    0.79  2045  1185  3675     3        1        1        1    1 1.22e-03 6.67e-03
   116    1.12  2045  1185  3675     5        1        1        1    1 9.69e-04 5.09e-03
   117    0.85  2045  1185  3675     4        1        1        1    1 5.42e-04 3.91e-03
   118    0.73  2045  1183  3675     3        1        1        1    1 6.94e-04 3.14e-03
   119    0.80  2045  1182  3675     4        1        1        1    1 4.31e-04 2.91e-03
   120    0.96  2045  1181  3675     5        1        1        1    1 7.48e-04 3.46e-03
   121    0.73  2045  1181  3675     3        1        1        1    1 8.32e-04 2.78e-03
   122    0.72  2045  1181  3675     3        1        1        1    1 7.06e-04 2.24e-03
   123    0.72  2045  1181  3675     3        1        1        1    1 9.00e-04 2.11e-03
   124    0.80  2045  1181  3675     4        1        1        1    1 4.58e-04 2.00e-03
   125    0.74  2045  1181  3675     3        1        1        1    1 7.40e-04 1.87e-03
   126    0.69  2045  1181  3675     3        1        1        1    1 8.43e-04 1.73e-03
   127    0.83  2045  1181  3675     4        1        1        1    1 7.71e-04 1.57e-03
   128    0.68  2045  1181  3675     3        1        1        1    1 7.32e-04 1.40e-03
   129    0.91  2045  1181  3675     4        1        1        1    1 7.51e-04 1.27e-03
   130    0.73  2045  1181  3675     3        1        1        1    1 8.70e-04 1.14e-03
   131    0.81  2045  1181  3675     4        1        1        1    1 6.18e-04 1.01e-03
   132    0.81  2045  1181  3675     4        1        1        1    1 5.42e-04 8.96e-04
   133    0.95  2045  1178  3675     5        1        1        1    1 6.79e-04 8.01e-04
   134    0.72  2045  1178  3675     3        1        1        1    1 1.35e-03 8.01e-04
   135    0.72  2045  1178  3675     3        1        1        1    1 6.48e-04 7.71e-04
   136    0.87  2045  1178  3675     4        1        1        1    1 7.02e-04 7.29e-04
   137    0.74  2045  1178  3675     3        1        1        1    1 1.17e-03 7.17e-04
   138    0.68  2045  1178  3675     3        1        1        1    1 9.08e-04 7.48e-04
   139    0.87  2045  1173  3675     4        1        1        1    1 6.18e-04 1.80e-03
   140    0.73  2045  1173  3675     3        1        1        1    1 1.24e-03 1.52e-03
   141    0.72  2045  1173  3675     3        1        1        1    1 1.09e-03 1.34e-03
   142    0.66  2045  1173  3675     3        1        1        1    1 9.92e-04 1.60e-03
   143    0.76  2045  1173  3675     3        1        1        1    1 1.29e-03 1.71e-03
   144    0.75  2045  1172  3675     3        1        1        1    1 1.06e-03 1.69e-03
   145    0.69  2045  1172  3675     3        1        1        1    1 1.28e-03 1.63e-03
   146    0.84  2045  1172  3675     4        1        1        1    1 7.48e-04 1.53e-03
   147    0.72  2045  1172  3675     3        1        1        1    1 9.16e-04 1.40e-03
   148    0.73  2045  1172  3675     3        1        1        1    1 8.58e-04 1.27e-03
   149    0.71  2045  1172  3675     3        1        1        1    1 1.06e-03 1.13e-03
   150    0.72  2045  1172  3675     3        1        1        1    1 1.11e-03 1.00e-03
   151    0.72  2045  1172  3675     3        1        1        1    1 8.43e-04 8.81e-04
   152    0.72  2045  1172  3675     3        1        1        1    1 9.16e-04 8.01e-04
   153    0.81  2045  1172  3675     4        1        1        1    1 6.87e-04 7.93e-04
   154    0.72  2045  1172  3675     3        1        1        1    1 6.94e-04 7.90e-04
   155    0.87  2045  1171  3675     4        1        1        1    1 5.80e-04 7.82e-04
   156    0.90  2045  1171  3675     3        1        1        1    1 8.70e-04 7.71e-04
   157    0.87  2045  1169  3675     4        1        1        1    1 6.48e-04 2.04e-03
   158    0.72  2045  1169  3675     3        1        1        1    1 8.47e-04 1.61e-03
   159    0.72  2045  1169  3675     3        1        1        1    1 8.13e-04 1.30e-03
   160    0.66  2045  1169  3675     3        1        1        1    1 8.93e-04 1.08e-03
   161    0.80  2045  1169  3675     4        1        1        1    1 6.22e-04 9.16e-04
   162    1.12  2045  1169  3675     6        1        1        1    1 6.79e-04 8.09e-04
   163    0.71  2045  1169  3675     3        1        1        1    1 7.17e-04 7.71e-04
   164    0.68  2045  1169  3675     3        1        1        1    1 8.93e-04 7.32e-04
   165    0.74  2045  1169  3675     3        1        1        1    1 9.69e-04 6.98e-04
   166    0.74  2045  1169  3675     3        1        1        1    1 1.05e-03 6.94e-04
   167    0.91  2045  1169  3675     4        1        1        1    1 6.18e-04 6.87e-04
   168    0.73  2045  1169  3675     3        1        1        1    1 8.89e-04 6.83e-04
   169    0.73  2045  1167  3675     3        1        1        1    1 1.03e-03 1.27e-03
   170    0.84  2045  1167  3675     4        1        1        1    1 6.03e-04 1.21e-03
   171    0.74  2045  1167  3675     3        1        1        1    1 8.35e-04 1.14e-03
   172    0.83  2045  1167  3675     4        1        1        1    1 5.87e-04 1.05e-03
   173    0.85  2045  1167  3675     4        1        1        1    1 6.64e-04 9.61e-04
   174    0.74  2045  1167  3675     3        1        1        1    1 8.54e-04 8.74e-04
   175    0.89  2045  1166  3675     3        1        1        1    1 1.31e-03 7.97e-04
   176    0.84  2045  1166  3675     4        1        1        1    1 6.03e-04 7.25e-04
   177    0.68  2045  1166  3675     3        1        1        1    1 1.17e-03 6.56e-04
   178    0.75  2045  1165  3675     3        1        1        1    1 9.77e-04 6.56e-04
   179    0.68  2045  1165  3675     3        1        1        1    1 9.46e-04 6.56e-04
   180    0.74  2045  1165  3675     3        1        1        1    1 8.74e-04 6.60e-04
   181    0.99  2045  1165  3675     5        1        1        1    1 1.20e-03 6.52e-04
   182    0.84  2045  1165  3675     4        1        1        1    1 6.18e-04 6.52e-04
   183    0.90  2045  1163  3675     4        1        1        1    1 6.64e-04 2.44e-03
   184    0.91  2045  1163  3675     4        1        1        1    1 7.10e-04 2.05e-03
   185    0.69  2045  1163  3675     3        1        1        1    1 1.03e-03 1.77e-03
   186    0.91  2045  1163  3675     4        1        1        1    1 5.26e-04 1.56e-03
   187    0.89  2045  1163  3675     3        1        1        1    1 8.62e-04 1.40e-03
   188    0.75  2045  1162  3675     3        1        1        1    1 1.09e-03 6.13e-03
   189    0.74  2045  1162  3675     3        1        1        1    1 7.90e-04 4.87e-03
   190    1.00  2045  1162  3675     5        1        1        1    1 4.04e-04 3.84e-03
   191    0.75  2045  1162  3675     3        1        1        1    1 1.00e-03 3.06e-03
   192    0.75  2045  1162  3675     3        1        1        1    1 8.16e-04 2.44e-03
   193    0.74  2045  1162  3675     3        1        1        1    1 9.80e-04 1.95e-03
   194    0.84  2045  1162  3675     4        1        1        1    1 4.43e-04 1.56e-03
   195    0.87  2045  1162  3675     4        1        1        1    1 5.34e-04 1.24e-03
   196    0.72  2045  1162  3675     3        1        1        1    1 8.93e-04 1.01e-03
   197    0.72  2045  1162  3675     3        1        1        1    1 8.62e-04 8.09e-04
   198    0.81  2045  1162  3675     4        1        1        1    1 5.04e-04 7.78e-04
   199    0.65  2045  1162  3675     3        1        1        1    1 1.18e-03 7.86e-04
   200    0.80  2045  1162  3675     4        1        1        1    1 8.39e-04 7.93e-04
   201    0.65  2045  1162  3675     3        1        1        1    1 1.26e-03 7.93e-04
