imain   time  Demand Consumption Inflow Extraction% Hypoxic%
    1    0.00 2.205000 0.257872 40.233330 3.105339 95.891159
    2    0.05 2.205000 0.253844 34.706017 3.543667 95.945580
    3    0.10 2.205000 0.249340 29.738260 4.062253 96.217690
    4    0.15 2.205000 0.245284 25.663197 4.630725 96.489799
    5    0.20 2.205000 0.262623 22.084864 5.761399 95.891159
    6    0.25 2.205000 0.257516 18.827152 6.626889 95.972786
    7    0.30 2.205000 0.250017 16.079102 7.533514 96.380951
    8    0.35 2.205000 0.243979 13.816238 8.555663 96.544220
    9    0.40 2.205000 0.655352 17.543440 18.098810 90.993195
   10    0.45 2.205000 0.656943 16.201319 19.645702 90.829933
   11    0.50 2.205000 0.684790 18.548229 17.887333 86.884354
   12    0.55 2.205000 0.782091 18.803486 20.151579 82.938774
   13    0.60 2.205000 0.873009 21.019417 20.122803 76.108841
   14    0.65 2.205000 0.981698 23.709860 20.060379 68.517006
   15    0.70 2.205000 0.981547 26.868492 17.699392 62.258503
   16    0.75 2.205000 1.092366 31.440596 16.833246 58.068027
   17    0.80 2.205000 1.251761 32.958664 18.401035 46.857143
   18    0.85 2.205000 1.354395 35.466351 18.502014 40.299320
   19    0.90 2.205000 1.442614 36.657982 19.066538 34.204082
   20    0.95 2.205000 1.516336 37.787701 19.441742 28.299320
   21    1.00 2.205000 1.583818 39.198399 19.576145 23.782312
   22    1.05 2.205000 1.659359 40.012421 20.092587 18.340136
   23    1.10 2.205000 1.689308 41.104176 19.911921 16.353741
   24    1.15 2.205000 1.700539 42.455933 19.406113 15.972789
   25    1.20 2.205000 1.749288 43.171177 19.631695 11.102041
   26    1.25 2.205000 1.784182 43.934330 19.675484 2.721088
   27    1.30 2.205000 1.801016 44.321419 19.687662 0.000000
   28    1.35 2.205000 1.813105 44.687057 19.657642 0.000000
   29    1.40 2.205000 1.820026 44.711422 19.721935 0.000000
   30    1.45 2.205000 1.824985 44.379326 19.923651 0.000000
   31    1.50 2.205000 1.828904 44.158638 20.066216 0.000000
   32    1.55 2.205000 1.830825 43.374641 20.450375 0.000000
   33    1.60 2.205000 1.832320 42.633465 20.822889 0.000000
   34    1.65 2.205000 1.833025 41.988888 21.150679 0.000000
   35    1.70 2.205000 1.832888 40.955544 21.682716 0.000000
   36    1.75 2.205000 1.832623 40.287899 22.038847 0.000000
   37    1.80 2.205000 1.832078 39.569035 22.432558 0.000000
   38    1.85 2.205000 1.831570 39.144119 22.669785 0.000000
   39    1.90 2.205000 1.831173 38.603733 22.982136 0.000000
   40    1.95 2.205000 1.829949 38.075706 23.285278 0.000000
   41    2.00 2.205000 1.829315 37.608784 23.566200 0.000000
   42    2.05 2.205000 1.828337 37.194595 23.815891 0.000000
   43    2.10 2.205000 1.827210 36.903843 23.988722 0.000000
   44    2.15 2.205000 1.825036 36.323914 24.342724 0.000000
   45    2.20 2.205000 1.823839 36.171364 24.429346 0.000000
   46    2.25 2.205000 1.823248 35.920246 24.592167 0.000000
   47    2.30 2.205000 1.821941 35.729843 24.705490 0.000000
   48    2.35 2.205000 1.821536 35.660412 24.748089 0.000000
   49    2.40 2.205000 1.820291 35.535034 24.818439 0.000000
   50    2.45 2.205000 1.819948 35.455391 24.869493 0.000000
   51    2.50 2.205000 1.819622 35.430187 24.882727 0.000000
   52    2.55 2.205000 1.818700 35.292522 24.967133 0.000000
   53    2.60 2.205000 1.818457 35.287453 24.967392 0.000000
   54    2.65 2.205000 1.817306 35.179913 25.027851 0.000000
   55    2.70 2.205000 1.816843 35.138405 25.051037 0.000000
   56    2.75 2.205000 1.816566 35.170834 25.024122 0.000000
   57    2.80 2.205000 1.816229 35.139797 25.041574 0.000000
   58    2.85 2.205000 1.815936 35.099068 25.066597 0.000000
   59    2.90 2.205000 1.815544 35.119217 25.046806 0.000000
   60    2.95 2.205000 1.815329 35.105801 25.053408 0.000000
   61    3.00 2.205000 1.815087 35.058655 25.083759 0.000000
   62    3.05 2.205000 1.814865 35.238464 24.952711 0.000000
   63    3.10 2.205000 1.814619 35.038044 25.092035 0.000000
   64    3.15 2.205000 1.814302 34.876465 25.203880 0.000000
   65    3.20 2.205000 1.813935 34.753880 25.287672 0.000000
   66    3.25 2.205000 1.813555 34.690258 25.328737 0.000000
   67    3.30 2.205000 1.813058 34.588711 25.396141 0.000000
   68    3.35 2.205000 1.812696 34.504490 25.453039 0.000000
   69    3.40 2.205000 1.812365 34.440430 25.495722 0.000000
   70    3.45 2.205000 1.812077 34.393234 25.526657 0.000000
   71    3.50 2.205000 1.811820 34.359909 25.547787 0.000000
   72    3.55 2.205000 1.811588 34.307400 25.583616 0.000000
   73    3.60 2.205000 1.811368 34.257900 25.617466 0.000000
   74    3.65 2.205000 1.811169 34.218540 25.644117 0.000000
   75    3.70 2.205000 1.810996 34.177662 25.672342 0.000000
   76    3.75 2.205000 1.810840 34.153404 25.688358 0.000000
   77    3.80 2.205000 1.810728 34.142838 25.694717 0.000000
   78    3.85 2.205000 1.810631 34.129997 25.703018 0.000000
   79    3.90 2.205000 1.810554 34.118095 25.710882 0.000000
   80    3.95 2.205000 1.810479 34.094894 25.727320 0.000000
   81    4.00 2.205000 1.810417 34.086159 25.733032 0.000000
   82    4.05 2.205000 1.810338 34.086506 25.731647 0.000000
   83    4.10 2.205000 1.810273 34.082012 25.734104 0.000000
   84    4.15 2.205000 1.810214 34.073544 25.739664 0.000000
   85    4.20 2.205000 1.810165 34.063919 25.746237 0.000000
   86    4.25 2.205000 1.810122 34.055614 25.751904 0.000000
   87    4.30 2.205000 1.810074 34.044525 25.759619 0.000000
   88    4.35 2.205000 1.810034 34.047485 25.756802 0.000000
   89    4.40 2.205000 1.809996 34.038273 25.763241 0.000000
   90    4.45 2.205000 1.809961 34.029591 25.769308 0.000000
   91    4.50 2.205000 1.809929 34.023041 25.773813 0.000000
   92    4.55 2.205000 1.809895 33.997849 25.792431 0.000000
   93    4.60 2.205000 1.809858 33.989197 25.798473 0.000000
   94    4.65 2.205000 1.809826 33.982590 25.803032 0.000000
   95    4.70 2.205000 1.809795 33.977291 25.806616 0.000000
   96    4.75 2.205000 1.809764 33.973160 25.809299 0.000000
   97    4.80 2.205000 1.809737 33.970482 25.810949 0.000000
   98    4.85 2.205000 1.809710 33.967640 25.812731 0.000000
   99    4.90 2.205000 1.809689 33.965660 25.813940 0.000000
  100    4.95 2.205000 1.809668 33.964252 25.814701 0.000000
  101    5.00 2.205000 1.809648 33.963085 25.815304 0.000000
  102    5.05 2.205000 1.809631 33.962105 25.815815 0.000000
  103    5.10 2.205000 1.809619 33.961590 25.816029 0.000000
  104    5.15 2.205000 1.809606 33.961029 25.816271 0.000000
  105    5.20 2.205000 1.809585 33.956165 25.819664 0.000000
  106    5.25 2.205000 1.809569 33.956097 25.819490 0.000000
  107    5.30 2.205000 1.809552 33.955898 25.819405 0.000000
  108    5.35 2.205000 1.809538 33.955429 25.819561 0.000000
  109    5.40 2.205000 1.809529 33.955318 25.819510 0.000000
  110    5.45 2.205000 1.809515 33.954872 25.819653 0.000000
  111    5.50 2.205000 1.809504 33.954517 25.819771 0.000000
  112    5.55 2.205000 1.809495 33.954132 25.819927 0.000000
  113    5.60 2.205000 1.809487 33.953468 25.820316 0.000000
  114    5.65 2.205000 1.809478 33.952637 25.820827 0.000000
  115    5.70 2.205000 1.809484 33.885406 25.872149 0.000000
  116    5.75 2.205000 1.809488 33.879768 25.876499 0.000000
  117    5.80 2.205000 1.809469 33.873589 25.880959 0.000000
  118    5.85 2.205000 1.809441 33.871792 25.881926 0.000000
  119    5.90 2.205000 1.809403 33.860260 25.890196 0.000000
  120    5.95 2.205000 1.809354 33.850330 25.897089 0.000000
  121    6.00 2.205000 1.809301 33.841434 25.903139 0.000000
  122    6.05 2.205000 1.809249 33.834881 25.907417 0.000000
  123    6.10 2.205000 1.809199 33.830540 25.910013 0.000000
  124    6.15 2.205000 1.809150 33.828186 25.911119 0.000000
  125    6.20 2.205000 1.809109 33.827076 25.911388 0.000000
  126    6.25 2.205000 1.809072 33.827103 25.910830 0.000000
  127    6.30 2.205000 1.809041 33.827785 25.909864 0.000000
  128    6.35 2.205000 1.809014 33.829212 25.908390 0.000000
  129    6.40 2.205000 1.808992 33.830540 25.907051 0.000000
  130    6.45 2.205000 1.808972 33.832108 25.905571 0.000000
  131    6.50 2.205000 1.808957 33.833729 25.904114 0.000000
  132    6.55 2.205000 1.808944 33.835377 25.902668 0.000000
  133    6.60 2.205000 1.808933 33.835262 25.902592 0.000000
  134    6.65 2.205000 1.808916 33.827526 25.908274 0.000000
  135    6.70 2.205000 1.808896 33.821819 25.912361 0.000000
  136    6.75 2.205000 1.808875 33.817078 25.915691 0.000000
  137    6.80 2.205000 1.808853 33.813992 25.917747 0.000000
  138    6.85 2.205000 1.808833 33.811714 25.919207 0.000000
  139    6.90 2.205000 1.808817 33.807465 25.922224 0.000000
  140    6.95 2.205000 1.808775 33.782974 25.940424 0.000000
  141    7.00 2.205000 1.808724 33.764587 25.953817 0.000000
  142    7.05 2.205000 1.808670 33.751816 25.962854 0.000000
  143    7.10 2.205000 1.808614 33.742985 25.968851 0.000000
  144    7.15 2.205000 1.808570 33.739594 25.970823 0.000000
  145    7.20 2.205000 1.808529 33.736725 25.972445 0.000000
  146    7.25 2.205000 1.808491 33.735546 25.972807 0.000000
  147    7.30 2.205000 1.808464 33.736111 25.971992 0.000000
  148    7.35 2.205000 1.808442 33.737514 25.970589 0.000000
  149    7.40 2.205000 1.808425 33.739460 25.968851 0.000000
  150    7.45 2.205000 1.808414 33.741745 25.966927 0.000000
  151    7.50 2.205000 1.808407 33.744308 25.964865 0.000000
  152    7.55 2.205000 1.808404 33.746758 25.962929 0.000000
  153    7.60 2.205000 1.808403 33.749088 25.961123 0.000000
  154    7.65 2.205000 1.808402 33.751247 25.959444 0.000000
  155    7.70 2.205000 1.808406 33.753792 25.957544 0.000000
  156    7.75 2.205000 1.808406 33.754410 25.957069 0.000000
  157    7.80 2.205000 1.808408 33.743584 25.965439 0.000000
  158    7.85 2.205000 1.808412 33.746639 25.963135 0.000000
  159    7.90 2.205000 1.808415 33.748928 25.961418 0.000000
  160    7.95 2.205000 1.808418 33.750690 25.960100 0.000000
  161    8.00 2.205000 1.808419 33.751915 25.959177 0.000000
  162    8.05 2.205000 1.808421 33.752808 25.958515 0.000000
  163    8.10 2.205000 1.808418 33.753349 25.958065 0.000000
  164    8.15 2.205000 1.808416 33.753742 25.957727 0.000000
  165    8.20 2.205000 1.808413 33.753841 25.957611 0.000000
  166    8.25 2.205000 1.808413 33.753864 25.957592 0.000000
  167    8.30 2.205000 1.808412 33.753868 25.957579 0.000000
  168    8.35 2.205000 1.808410 33.753735 25.957657 0.000000
  169    8.40 2.205000 1.808403 33.749683 25.960663 0.000000
  170    8.45 2.205000 1.808395 33.741718 25.966673 0.000000
  171    8.50 2.205000 1.808383 33.735210 25.971523 0.000000
  172    8.55 2.205000 1.808370 33.729950 25.975382 0.000000
  173    8.60 2.205000 1.808360 33.725712 25.978506 0.000000
  174    8.65 2.205000 1.808348 33.722424 25.980864 0.000000
  175    8.70 2.205000 1.808336 33.719978 25.982574 0.000000
  176    8.75 2.205000 1.808328 33.715500 25.985907 0.000000
  177    8.80 2.205000 1.808317 33.711357 25.988939 0.000000
  178    8.85 2.205000 1.808308 33.707558 25.991747 0.000000
  179    8.90 2.205000 1.808298 33.704197 25.994192 0.000000
  180    8.95 2.205000 1.808290 33.701481 25.996174 0.000000
  181    9.00 2.205000 1.808285 33.699055 25.997969 0.000000
  182    9.05 2.205000 1.808279 33.697247 25.999281 0.000000
  183    9.10 2.205000 1.808270 33.690990 26.003975 0.000000
  184    9.15 2.205000 1.808260 33.686741 26.007122 0.000000
  185    9.20 2.205000 1.808251 33.683182 26.009729 0.000000
  186    9.25 2.205000 1.808243 33.679859 26.012184 0.000000
  187    9.30 2.205000 1.808235 33.677109 26.014191 0.000000
  188    9.35 2.205000 1.808221 33.690395 26.003738 0.000000
  189    9.40 2.205000 1.808206 33.686043 26.006882 0.000000
  190    9.45 2.205000 1.808196 33.682220 26.009689 0.000000
  191    9.50 2.205000 1.808185 33.679119 26.011925 0.000000
  192    9.55 2.205000 1.808178 33.676579 26.013779 0.000000
  193    9.60 2.205000 1.808173 33.674183 26.015566 0.000000
  194    9.65 2.205000 1.808168 33.672428 26.016853 0.000000
  195    9.70 2.205000 1.808166 33.670811 26.018064 0.000000
  196    9.75 2.205000 1.808164 33.669586 26.018982 0.000000
  197    9.80 2.205000 1.808162 33.668564 26.019747 0.000000
  198    9.85 2.205000 1.808161 33.667477 26.020578 0.000000
  199    9.90 2.205000 1.808161 33.666668 26.021200 0.000000
  200    9.95 2.205000 1.808162 33.665833 26.021862 0.000000
  201   10.00 2.205000 1.808163 33.665215 26.022348 0.000000
