Solute 1
   53.142433    54.379211    57.890469    59.048515    58.040916    58.715839    59.182274    57.045685    57.308163    57.299694 
   55.251198    53.306736    53.625721    50.585201    47.029346    45.461411    45.389481    44.799793    41.986874    39.829308 
   39.001831    40.396984    45.311474    45.893284    50.503376    52.208500    53.672794    56.975868    58.594372    58.170811 
   60.531242    61.703598    59.615440    58.483852    58.612400    57.944118    53.875523    52.104298    51.423687    48.337772 
   47.407288    49.095669    50.423416    45.269218    42.686623    42.016273    44.249187    48.267792    48.497971    60.414669 
   51.995293    53.969711    58.632229    60.877819    59.405811    59.294006    59.841671    59.866573    60.310017    63.035446 
   59.493637    55.171627    53.612545    54.537628    50.564236    49.837669    51.199512    51.516090    48.170986    45.510181 
   44.930531    47.954075    47.176189    46.724308    50.356094    52.019413    53.708660    58.452259    60.643326    59.930927 
   59.189899    58.495407    58.202595    59.732319    62.597626    60.744781    57.148556    55.336277    56.495213    52.470272 
   52.228851    55.200077    54.727417    50.278374    47.708305    47.036022    49.540596    44.527134    42.764565    43.664379 
   51.757072    53.854683    57.533531    56.817387    56.453869    57.673805    58.857529    57.838085    58.079670    61.585911 
   64.916275    58.271332    55.260567    54.408325    53.098835    54.181374    57.819202    55.315243    52.489040    50.088764 
   49.183582    48.749508    41.362751    39.070435    39.570179    51.134998    52.610195    54.375340    54.507992    54.191830 
   56.536640    60.262234    58.425896    56.774788    57.810844    59.555492    57.265106    54.651711    53.536106    53.560520 
   55.383003    57.574368    56.322479    56.494892    53.274338    51.751949    44.518242    38.319111    36.528912    37.429085 
   50.960571    51.971870    52.483463    52.665199    52.290947    53.421436    55.115509    54.666046    55.395790    58.887970 
   59.468307    55.972950    54.407936    54.039032    54.817871    56.227211    56.732681    56.277573    59.451984    54.795895 
   47.873100    40.108101    35.911476    35.028648    36.796295    51.422619    51.701939    52.697235    51.811432    50.524494 
   50.676815    51.840019    53.303169    55.989464    59.683609    57.492046    55.122066    54.353973    54.877403    56.803734 
   57.758678    56.624954    55.749828    56.208977    53.615150    44.383118    37.506592    34.072617    33.863235    36.566856 
   52.195824    51.141869    51.493259    51.071491    49.540928    49.393108    50.669544    53.800392    56.959385    61.398258 
   58.139397    55.454720    55.086277    55.293621    56.473064    57.444183    57.647415    58.041786    58.572277    52.609695 
   42.154320    35.761482    32.536594    32.262329    34.702389    53.593143    56.175125    63.241108    66.504845    62.803173 
   63.270226    62.273251    60.525658    61.576496    61.246052    56.126652    53.825352    53.217564    53.126549    49.724777 
   47.541351    47.261757    47.318798    46.401184    44.731922    43.719997    44.417877    47.348553    49.731750    54.822731 
   53.486938    56.356018    62.609806    66.209381    62.807449    62.933868    63.574821    64.034935    64.705727    62.449718 
   58.425751    55.117012    53.482933    53.258488    51.222538    50.700123    51.666515    52.735401    51.667931    49.149086 
   48.196865    48.932396    50.972549    55.802837    71.128082    54.197910    57.337627    62.075378    66.110924    63.283737 
   62.821754    63.244202    65.131180    68.738777    69.450127    62.341454    58.165871    56.577171    56.171551    54.552654 
   54.653347    56.430050    59.020775    56.442703    53.196640    52.141720    52.303242    52.688190    56.118721    62.440987 
   54.703861    56.170181    59.263779    62.124287    62.049702    61.646919    61.532299    61.927063    65.474373    70.531593 
   63.657467    60.133526    59.349289    60.216423    56.848675    56.496407    58.513474    59.800404    57.093678    54.596455 
   52.470463    50.690247    48.580643    48.233799    48.465546    53.221294    55.046757    56.886452    58.128918    58.623116 
   59.682999    60.493870    59.139168    60.168278    63.709515    61.923920    59.465900    58.873642    60.195309    56.833893 
   56.796562    58.470253    58.506073    57.766758    56.366444    51.403370    46.930058    42.707191    40.778156    40.782875 
   52.015030    53.470833    55.333828    55.375034    55.387184    57.970547    60.870644    56.549786    56.317070    57.750134 
   58.621624    58.019455    57.358379    57.088177    56.729618    58.155460    59.408424    58.389523    60.059338    57.796894 
   50.520733    42.908157    37.895378    35.976437    36.532825    51.679485    52.910851    55.119759    53.349892    52.665142 
   54.102348    54.569801    53.603611    54.183495    56.583672    58.538219    58.809937    58.730118    58.792709    59.153870 
   61.609154    61.485935    57.366352    55.849171    54.322681    47.205250    38.657265    34.299263    32.968788    34.154057 
   51.862823    52.383961    53.667797    51.826199    50.279728    50.129665    51.423805    52.491875    54.253738    57.796597 
   57.884453    57.783165    57.961586    58.356697    62.564812    68.415749    61.365452    56.047028    53.748291    52.731335 
   42.300350    35.284748    31.731340    30.961321    32.639721    52.842052    51.817352    51.745285    51.607475    49.319130 
   48.696785    49.851551    52.553513    55.627739    58.257286    57.592949    57.854473    58.041756    59.693493    65.142731 
   66.671112    63.284248    58.239239    55.041599    49.371986    39.170681    33.127121    30.074141    29.575891    31.429974 
   53.936100    57.689564    61.827179    64.422585    64.060806    68.461319    63.459900    59.668449    58.498158    57.605350 
   55.372738    53.850006    53.476074    51.363289    48.707527    46.908798    46.383900    46.947098    47.438419    46.142151 
   44.422112    43.246704    42.743023    42.512356    42.959965    54.116722    57.404541    62.454174    66.764412    65.326729 
   68.511360    66.204536    62.883408    63.546967    61.208630    56.262520    53.783012    52.494812    51.557392    50.941494 
   49.496529    49.220547    50.708221    52.770218    50.347107    48.213619    47.354515    47.534222    48.926437    50.723743 
   55.093422    58.408443    64.891609    70.795029    67.477936    69.744347    68.191109    67.623489    69.998062    66.290268 
   60.594952    57.161720    55.094315    54.285683    54.111874    55.532223    57.028008    58.551346    61.908302    58.062096 
   56.858223    57.106319    56.796555    62.410976    70.119492    57.051304    59.939663    64.253616    71.116966    70.619621 
   70.869461    70.386879    71.525368    75.538109    76.606613    68.827370    64.626938    62.450481    62.972904    62.414719 
   65.083458    70.572403    67.962624    71.783737    66.948174    66.932152    71.214760    64.778297    83.940498    74.690460 
   55.990593    58.366150    62.202126    66.148254    67.951286    68.495216    68.571053    67.384064    68.944374    70.729782 
   69.857109    68.259254    68.615402    69.418556    63.892132    64.071152    67.697487    68.703598    67.654503    65.447693 
   62.058712    58.951996    54.775906    55.433258    51.592274    54.561184    56.874783    60.989067    63.302711    63.442078 
   64.523384    65.547409    61.479725    61.405563    63.185600    64.324768    64.138588    64.503044    64.498741    60.504440 
   60.628372    64.679184    65.758476    62.865467    64.686729    55.246971    48.157803    43.957047    41.919277    41.139423 
   53.937164    56.203323    60.384720    59.353760    58.502098    59.489727    60.564377    56.597546    56.413422    58.424946 
   60.508514    61.081669    60.989418    60.929478    59.353558    60.606541    66.695969    64.538757    58.287781    56.196186 
   48.034950    41.363163    37.197723    35.355804    35.682514    53.914036    55.832714    58.871185    55.928246    54.717213 
   54.116116    53.624256    52.761272    53.273037    55.512043    58.479935    60.731956    61.100124    63.169476    62.331738 
   63.169525    69.744530    59.953136    52.612392    47.842331    41.983734    36.377884    32.788261    31.514997    32.553829 
   54.076851    54.488873    54.984203    53.187019    51.449970    50.179482    50.824764    51.601414    51.937313    53.943615 
   56.741688    60.527866    60.595055    60.028275    62.758907    63.119217    60.797485    55.386204    48.826775    43.604385 
   37.757282    32.771744    29.820057    29.091963    30.630606    54.448788    53.269325    52.355083    51.844452    49.915958 
   48.650352    49.498722    51.625259    52.104584    53.216255    54.991302    57.653339    58.154781    60.840633    62.887714 
   60.381504    57.342003    53.191357    46.688667    40.735733    34.810936    30.335728    27.888832    27.552221    29.402945 
   55.258049    53.074501    51.477562    51.176697    49.686947    48.461601    48.959370    52.208565    53.255180    53.001198 
   54.307121    57.495541    61.257740    61.393085    58.727844    58.280804    57.507965    52.389637    44.962303    38.362007 
   32.677891    28.695650    26.633310    26.539310    28.554308    54.002842    55.926018    58.404320    60.807217    61.365120 
   63.521763    62.356636    59.775963    58.236328    56.850166    54.437191    52.594246    52.725174    50.435219    48.834396 
   47.786255    47.889275    49.869465    53.808876    51.077736    47.779182    44.368050    41.611042    40.308945    40.569965 
   54.764690    57.308914    59.401318    61.999443    63.396622    68.202637    68.087723    65.367943    61.594765    58.591415 
   55.337421    53.068226    51.798954    50.920017    50.224453    50.133553    50.593567    53.669315    59.474392    54.804718 
   50.842892    48.278252    46.229439    45.423431    45.197227    56.185730    59.341892    62.685322    65.721756    67.782158 
   72.390327    71.621918    72.480125    69.017700    64.709923    60.459881    57.635101    55.928806    55.402843    54.502861 
   57.372227    60.621254    62.018120    66.156097    63.622189    61.474884    60.621677    56.033356    57.087078    53.167515 
   58.079052    63.050983    67.278580    71.436378    75.190948    77.000275    77.880051    81.601372    80.201607    76.369682 
   73.817421    69.647186    66.850922    71.414909    72.035385    73.727722    89.323372    75.622299    89.412392    82.461464 
   78.657661    91.980446    65.246986    78.182434    56.936893    57.748001    61.399357    64.841125    69.695831    74.033195 
   76.365631    77.051094    73.869698    70.760063    71.212158    77.979736    79.719727    77.071693    80.024353    69.275963 
   68.108063    74.248207    79.240898    76.212677    78.639801    68.835167    63.059654    54.634968    53.038052    47.725765 
   57.153156    60.788090    63.329834    68.021957    71.950951    69.352829    66.664490    62.924324    62.327328    65.905174 
   70.668137    70.593521    66.937210    64.645668    61.310749    61.233685    66.930908    71.445229    64.447807    65.253082 
   56.371189    48.059052    43.150249    40.559464    39.414433    57.143818    60.907974    63.600212    65.469887    63.682896 
   59.841747    58.653835    56.512234    56.910027    61.672134    67.060226    66.505791    63.971931    61.374645    59.119690 
   59.079121    66.227295    65.395538    56.020683    51.878536    45.928204    40.035030    36.112801    34.238514    34.452618 
   58.206772    61.920986    62.556129    59.653801    56.245365    53.755337    52.641068    52.122791    52.992855    56.387135 
   62.606926    65.891518    62.917297    59.656651    57.423592    57.257526    59.968460    56.969673    49.365173    44.138199 
   39.125912    34.630306    31.592810    30.443962    31.438892    59.911224    60.145954    58.636646    56.491982    53.053024 
   50.464123    49.987244    50.298271    50.881859    53.200832    58.032623    62.248230    62.667767    57.942234    56.515911 
   55.343906    54.380253    51.598640    44.678101    39.384102    34.732098    30.945074    28.599506    28.052008    29.581221 
   61.513721    57.034939    55.225777    54.480629    51.745396    49.368362    49.719566    51.469147    50.467892    51.272766 
   53.691826    56.157227    58.613503    60.233719    56.966000    54.096157    51.024200    46.987255    41.367668    36.222549 
   31.818531    28.516649    26.698542    26.609142    28.507013    61.811268    55.811150    53.039543    52.656952    52.331509 
   49.905304    50.250767    53.240120    50.775761    50.339085    51.578636    53.360310    55.290012    57.593155    56.910389 
   52.669933    48.747662    44.185184    38.987335    34.084553    30.001160    27.130087    25.726982    25.968811    28.097193 
   52.152500    52.768261    52.763248    53.384487    55.706966    55.641132    56.342136    58.241898    59.296543    59.077194 
   54.993248    52.404781    52.234982    51.051331    51.601681    49.447922    48.466587    50.353371    54.133274    53.531178 
   50.123684    42.711998    37.854439    36.163128    37.026375    53.628834    53.850140    54.510883    55.688431    56.981224 
   58.439064    61.456589    60.460083    58.130920    56.169632    53.483028    51.482635    51.461315    50.422737    48.838478 
   48.299530    49.096020    52.226284    58.603561    53.849552    48.438881    44.394295    39.642097    37.260372    37.423420 
   55.005161    56.468914    56.992199    58.316189    59.205833    62.014477    64.295319    63.173885    59.879902    56.889496 
   53.938805    51.717438    50.571751    50.344433    49.262859    49.509983    51.134377    55.031952    58.451069    55.020004 
   50.083973    46.744350    42.863972    40.199173    39.606377    56.289509    60.218094    61.736855    61.435917    61.877674 
   64.193123    65.740288    67.380386    63.769619    60.043236    57.145443    55.022919    53.736301    53.051151    51.314861 
   53.217083    56.447460    60.519695    65.177086    61.822670    56.164928    52.094753    47.538433    44.614719    42.636375 
   57.161026    62.129528    65.929482    63.170574    64.610962    66.291016    68.603699    73.033760    67.906265    64.160118 
   62.993439    61.857464    61.284847    62.314320    59.189320    59.180023    63.030819    66.178612    74.205208    74.015190 
   63.141697    57.162376    50.364529    46.967442    43.648312    57.652733    61.163403    61.957470    63.601273    66.469604 
   68.349030    70.060944    69.917999    66.159920    65.802246    68.531219    68.424110    66.204445    64.365135    60.589436 
   59.703632    62.472946    65.986336    71.932358    76.734505    61.069389    52.514580    46.339596    42.819717    40.558754 
   58.510700    64.537895    62.659073    65.820389    67.882095    65.096619    64.568100    62.351780    61.317684    66.919327 
   73.016205    68.610802    63.264027    60.415886    57.683289    56.673328    58.734467    60.913837    61.337681    59.334694 
   51.939705    44.850872    39.949268    37.132469    36.327206    59.896343    67.832275    67.666107    67.611641    63.429733 
   58.716309    57.762810    56.233391    56.557522    61.382298    67.544258    66.540474    61.370914    58.751389    56.228298 
   54.339317    55.262978    55.104706    52.619457    48.957706    43.733509    38.559521    34.802582    32.845848    33.015144 
   61.595074    69.990456    70.167519    62.077801    56.396980    53.613518    52.396084    51.953850    52.815029    56.263538 
   62.635902    63.665104    60.079262    56.244991    53.748005    52.292629    51.760857    49.958450    46.315800    42.138996 
   37.744648    33.809845    31.054237    29.890617    30.750313    63.091076    64.615112    61.314831    57.075157    53.241131 
   51.016922    50.270668    50.204685    50.778534    53.249363    60.801029    60.322262    59.075005    55.935249    53.366745 
   51.069267    49.137505    46.137581    41.870171    37.507221    33.548748    30.392237    28.422089    27.927883    29.314535 
   61.048592    58.933903    58.135754    55.058472    52.129623    50.507084    50.643871    50.544590    50.042511    51.033363 
   54.048256    55.255413    55.887009    56.479458    54.181076    51.584316    48.063507    43.497688    38.682541    34.294300 
   30.681452    28.098083    26.743151    26.783112    28.571146    59.860111    56.732773    55.528072    53.625156    51.564941 
   50.702156    53.085396    52.621449    49.886837    49.960438    51.708130    54.056103    53.367832    54.348125    57.244720 
   55.016220    47.092747    41.081085    36.183628    32.056931    28.856342    26.776587    25.921843    26.380638    28.466578 
   60.660881    55.214478    52.263023    51.439373    50.235706    49.859947    50.144604    49.853798    49.116566    49.843418 
   50.677692    51.244659    51.260262    49.365341    48.199570    46.294765    42.381142    38.177589    34.118710    30.534374 
   27.809731    26.187256    25.735466    26.508081    28.806765    49.971058    51.053955    51.326965    50.921585    52.110092 
   52.442879    54.110142    57.443295    60.590900    59.573139    54.939419    52.180065    52.260735    51.137360    51.795540 
   50.774693    50.512379    53.731609    59.061691    52.397892    46.537350    40.249794    35.243259    33.715355    35.010296 
   51.025562    53.033768    53.317085    53.634712    54.475681    54.504467    57.945419    61.010250    59.184090    57.337955 
   54.000404    51.063377    50.207508    50.622356    49.167049    49.211731    50.679909    55.219273    58.798431    52.253708 
   46.270721    43.881901    36.879383    33.874588    34.248795    51.951302    54.393227    54.475101    56.314053    55.646255 
   56.143417    58.167328    60.350014    59.893494    57.774696    53.415928    50.464897    49.017677    48.599281    48.378773 
   49.380993    51.649174    57.601002    61.260155    53.214294    46.813358    45.240593    39.164810    35.257286    34.981537 
   52.538242    54.736649    56.054630    56.677631    55.916210    57.188522    58.524757    60.169853    60.317989    57.201321 
   54.253677    51.950104    50.486534    49.738941    49.488136    50.012329    52.761719    59.532082    70.709885    58.129967 
   49.609135    46.515125    40.872025    36.930664    36.082905    53.009682    54.944759    56.402565    56.289230    56.685204 
   58.202366    60.363701    62.390232    60.336552    58.194618    57.087231    55.886768    54.561790    53.123837    51.700382 
   51.512657    54.060940    59.089005    69.339096    63.457966    52.523109    46.906651    41.424988    37.588978    36.397144 
   53.868000    56.300831    57.033485    56.989929    57.815506    59.454716    62.589512    66.423538    61.042789    60.015465 
   61.400982    61.362751    58.602955    55.171627    52.812927    52.467316    54.323299    58.180798    66.952446    65.879051 
   52.360691    45.209743    39.882950    36.364582    35.348141    55.339050    59.413647    59.102997    58.390564    58.681499 
   59.908566    64.213737    63.192406    58.701584    61.410480    66.201958    62.630276    59.208527    55.942024    52.737595 
   51.682186    52.863247    55.707684    61.538593    58.004391    48.575909    41.991257    37.169056    34.148510    33.588680 
   57.144924    62.345436    61.562740    59.427776    57.784718    57.331802    57.728920    55.947456    55.185612    57.564690 
   61.330631    61.283169    59.276188    56.619747    52.336594    50.624348    50.760925    51.656418    51.885208    48.859810 
   43.360775    38.222954    34.424713    32.039101    31.936705    58.216064    64.799835    65.333000    58.897308    55.420483 
   53.752922    52.838562    52.326363    52.748150    54.613361    57.747829    58.370277    56.550838    53.867119    51.508347 
   49.658115    48.708717    47.840816    45.965927    42.569916    38.277046    34.525326    31.863327    30.318357    30.686531 
   57.790581    62.957542    64.602631    57.365578    53.852997    52.315701    51.820419    52.040863    52.170471    53.188091 
   56.093960    56.254787    55.316685    53.255768    52.389496    49.295120    47.602062    45.379921    41.953407    38.018440 
   34.320263    31.489996    29.764948    29.035795    29.883924    56.584587    58.946297    60.283733    56.163273    53.537430 
   53.187145    53.851543    52.888832    51.619270    51.817860    53.150871    53.219444    52.170036    51.363102    50.770870 
   50.040257    49.324074    44.398739    39.037373    34.721680    31.438940    29.344213    28.408270    28.338123    29.606802 
   56.293530    56.701790    58.530365    55.688610    53.482388    54.164543    56.752281    52.986317    51.808052    51.461956 
   52.390167    52.348473    50.435764    49.188629    49.067989    51.989597    50.968380    41.938305    36.285561    32.315201 
   29.599182    28.181870    27.910732    28.382284    30.015928    58.385384    55.628868    56.260029    54.464951    52.284760 
   52.230705    52.125511    51.128384    52.003941    52.936363    52.469875    51.776581    50.208363    47.021404    45.338268 
   44.489277    42.108906    38.119961    34.200039    31.010580    28.908766    28.093260    28.388031    29.339022    31.318573 
   48.607956    48.436440    48.724350    47.871090    47.531559    47.557510    48.769665    52.061096    55.303371    59.028973 
   55.151814    51.902405    51.247715    51.225117    51.772202    51.979507    52.533295    54.413013    55.150146    48.940994 
   40.483459    34.476082    31.318083    31.218828    34.113457    49.895672    50.236343    50.950462    49.846874    49.759171 
   49.251221    50.877090    54.756268    59.453526    64.204987    59.905842    53.647766    52.476013    52.112110    51.566669 
   51.421947    53.297939    59.248566    63.982227    50.137730    40.801041    34.990589    31.406210    30.406664    31.983433 
   50.542706    51.575832    52.165245    51.817017    52.286694    51.077278    53.182243    56.786858    59.874004    60.376987 
   57.909924    51.939964    49.731621    49.582619    49.979267    49.949371    52.418045    61.758045    61.922241    49.113991 
   40.812649    35.820572    31.994562    30.256807    31.192711    50.769703    51.405281    51.660316    51.411945    51.789837 
   52.604553    53.819462    56.189766    58.353775    58.559116    53.887878    49.766846    47.831680    47.518120    48.594212 
   49.291431    50.792511    61.644035    63.616444    48.754894    41.210766    36.904850    33.119705    30.859985    31.338995 
   50.649326    50.762882    50.907639    51.084126    51.668457    52.414635    53.601002    54.894028    56.323238    56.523235 
   53.010223    49.820229    48.065735    47.778233    48.314346    47.597664    49.608540    55.031048    58.161758    49.401356 
   42.549316    38.829006    34.575081    31.756353    31.828428    50.705143    51.140858    51.526985    51.669350    52.026371 
   52.873463    54.205086    54.989788    55.005089    55.145039    54.564236    52.174145    50.097591    48.943451    47.834496 
   47.447948    49.089321    52.162102    54.187920    50.319115    44.329212    41.588013    36.068363    32.433979    32.155445 
   51.164604    52.902447    53.992622    52.952614    53.209492    54.705818    56.890175    56.945530    55.584026    55.974876 
   57.895481    55.532562    52.873074    51.420650    48.563988    48.165070    49.981503    52.546658    56.192703    52.906723 
   45.840828    42.389919    36.541405    32.578152    32.093052    52.012367    54.827339    56.618332    54.696426    55.335754 
   58.961418    62.923996    58.678665    55.740471    55.444027    57.421368    57.140938    55.145924    52.028355    49.427315 
   48.750656    50.372601    54.093670    62.182796    55.219490    47.592049    42.010406    36.425091    32.430717    31.801071 
   53.277088    55.940292    57.701492    56.441746    57.299419    59.966095    58.232491    54.897522    53.889019    54.055969 
   55.656101    56.638680    56.050907    53.052456    50.472431    49.380695    50.052155    52.988743    55.898846    51.577095 
   45.363289    40.409542    36.965508    32.399521    31.536182    54.892681    60.031883    62.390026    57.485771    55.815712 
   55.060303    53.645161    52.768581    53.319210    53.677189    55.087284    56.208340    55.376949    53.489464    51.573521 
   49.754482    49.112694    49.706879    49.839310    46.154503    40.996120    37.410610    35.457188    32.324348    31.364273 
   55.482494    62.311928    65.069504    57.914124    55.713459    54.681980    53.749939    53.841560    54.760792    54.704704 
   55.228050    55.401234    55.159195    52.793518    52.755352    49.573219    48.571869    48.733089    45.592354    41.241375 
   37.226460    34.466312    33.463020    31.974766    31.278996    54.971157    59.789658    64.610008    58.376564    56.665649 
   57.925186    57.757507    55.289017    53.708031    53.526875    52.048546    51.774113    51.194492    49.948502    49.221031 
   48.219887    50.684685    50.476959    42.538582    37.389397    33.917454    32.259914    32.457142    31.815573    31.479467 
   54.740208    57.077900    61.651878    59.339096    58.322525    62.321976    59.826881    54.744240    55.427898    53.559860 
   51.046688    50.209778    49.409119    47.577950    45.981106    45.868519    47.797050    44.218872    38.390476    34.298866 
   31.818169    31.180838    32.329403    32.285580    32.428123    55.909840    55.628231    59.202610    57.747948    56.790421 
   58.081230    55.001495    53.216072    56.320744    54.041233    51.121426    49.820484    48.825375    46.284161    43.596043 
   42.248348    41.117313    38.700550    35.498699    32.729450    31.149187    31.338469    33.344975    34.044411    34.797440 
   51.969872    52.133171    54.008579    54.096024    53.291111    53.540260    53.018677    51.609287    52.068802    52.079784 
   51.337067    49.320713    48.854546    45.246914    41.714787    40.058395    39.340290    37.894165    34.957253    32.567436 
   31.513834    32.413029    35.309921    36.495625    39.070683    52.904819    50.558086    51.325512    49.976273    48.015335 
   47.065708    48.465031    52.896477    55.607998    59.134842    62.605927    59.215977    53.730263    52.504627    51.769264 
   53.236958    57.386955    64.911232    62.496807    46.356148    36.544548    30.945930    28.017145    27.457142    29.231251 
   52.689674    53.552986    52.582916    50.945438    49.865250    48.134617    49.602570    52.572033    55.927639    57.250637 
   58.513535    53.295811    49.908516    49.009556    50.875591    49.921318    53.060513    63.993999    56.605915    43.613571 
   35.569660    30.649813    27.843077    27.079363    28.600462    52.552742    52.581451    50.080143    49.046982    48.938549 
   48.949299    50.355930    51.575199    52.867134    53.623669    51.903030    48.899200    47.094120    46.903954    48.089878 
   47.085693    48.598934    53.443478    50.444408    41.741173    35.294209    31.017534    28.312874    27.342457    28.608816 
   51.409058    50.540489    48.929180    48.734768    49.462929    49.614361    50.499352    50.981750    51.654400    52.709347 
   51.176842    48.239090    46.791840    47.567905    46.284508    44.976482    46.363178    48.295860    46.075661    40.928436 
   35.862431    32.096634    29.315868    28.010326    28.971292    50.514248    51.311409    49.893280    50.172886    50.433235 
   50.283497    50.759251    51.414478    52.511414    52.836330    53.498104    50.345081    47.964008    46.976139    45.282612 
   44.592854    45.661388    46.791309    45.227596    41.603176    37.372074    34.018806    30.826883    28.910740    29.484447 
   49.764534    51.017754    52.101158    51.388714    50.773945    51.286396    51.967701    51.842625    52.194908    53.400040 
   53.120914    52.877895    50.422058    49.026306    46.203346    45.627369    46.746632    48.179661    47.666397    44.236469 
   39.929546    36.889088    32.800747    29.967745    30.075747    49.663094    50.818150    53.536568    53.485050    53.415913 
   55.875343    54.656288    52.878563    52.245049    51.420704    51.730423    53.060177    53.694244    50.608959    48.147686 
   47.755737    49.353664    53.070694    55.696537    48.419140    43.548935    40.282005    35.068058    31.284063    30.806452 
   50.300961    51.908062    56.238701    55.648235    58.473583    59.949860    55.105362    53.060432    53.810246    51.703007 
   51.545750    52.717995    53.692177    52.359428    51.197025    50.983654    52.657257    58.346294    60.718822    49.389542 
   45.034340    43.218044    38.252880    33.001854    31.691525    51.657261    54.168209    56.704704    55.983643    57.624741 
   57.140347    54.250515    52.895504    54.537663    52.999649    52.622856    54.240025    55.855915    56.831337    57.015099 
   53.696548    52.337852    53.115452    52.360500    48.579643    46.971039    42.282829    40.183048    34.938759    32.487511 
   53.218910    57.781078    57.936348    56.501549    57.487640    58.551105    55.347164    53.597630    53.687832    53.834026 
   53.309380    54.784302    55.025726    54.645676    54.617367    51.491520    49.821453    52.217896    50.818832    48.436958 
   42.475681    38.431877    39.425789    36.343533    32.936844    53.594860    59.338718    60.997936    57.973583    58.619370 
   61.213768    57.918259    54.599251    54.035797    53.601044    52.227940    52.635513    51.991253    50.447475    48.969151 
   47.298706    47.976788    53.629795    49.451996    41.723797    37.241261    35.776878    38.850037    36.567448    33.331238 
   53.857895    57.197029    59.281441    59.628468    60.874447    61.686279    59.242619    55.476887    54.165993    53.453983 
   51.619514    50.679619    51.922180    48.444141    45.414951    43.899242    43.943844    44.273438    41.111748    37.132965 
   34.732384    34.640633    39.074928    36.931747    34.529789    54.158298    55.491791    58.384319    59.368259    61.438519 
   63.602749    58.039417    55.182850    55.699226    54.817566    51.969593    50.789005    50.670586    47.751122    43.788116 
   41.723549    40.773434    39.694893    37.760551    35.597389    34.318394    35.099300    41.326195    39.850761    37.899292 
   53.085789    50.444725    49.038376    48.497681    46.821541    45.812695    46.428429    49.154713    51.714462    53.392311 
   54.671463    59.123180    59.421070    56.355919    54.157101    54.760143    57.389317    56.295773    46.674950    38.558624 
   31.836109    27.402290    25.152849    25.001080    27.032518    56.432365    52.962605    50.039070    49.750252    47.840908 
   47.102512    47.026047    48.810734    52.251987    52.823246    52.215664    51.395885    49.909641    48.836784    49.775452 
   48.281654    49.335827    50.782257    43.996353    36.669315    30.847961    26.967745    24.954384    24.836079    26.809088 
   58.320896    53.675751    49.030758    47.925083    47.637928    48.220055    47.416237    48.099270    49.837112    51.221149 
   49.198368    47.571659    46.458965    46.014572    45.609432    44.292587    44.247417    44.081978    40.538017    35.155796 
   30.401146    27.037382    25.183172    25.017086    26.868235    54.893169    51.419220    48.336910    48.088017    48.497181 
   49.086361    48.297966    48.103497    48.300030    49.042679    47.986103    47.077633    46.402832    46.428146    43.617435 
   42.474552    42.734520    42.273258    38.970058    34.759300    30.820677    27.812872    25.968843    25.625162    27.261356 
   51.592670    51.571659    49.224796    49.415165    49.475834    49.447540    49.481434    49.919003    48.991928    48.354671 
   48.208069    48.067928    47.769939    46.094101    43.435997    42.795044    43.862747    44.320850    39.729935    35.858513 
   32.304981    29.411592    27.360392    26.647257    27.939770    49.409576    50.187710    50.592155    51.529686    49.071743 
   48.576073    49.029011    48.850864    48.513103    48.367321    48.577576    48.938244    48.926117    46.667564    44.924881 
   44.720829    45.495331    46.616066    42.420418    38.648315    35.071808    32.032509    29.510973    28.181185    28.956797 
   48.278469    48.523697    51.549770    52.752777    50.803429    50.713402    50.141537    49.894466    49.138618    48.737274 
   48.989723    50.267677    53.866085    50.003185    48.475830    48.168137    48.727707    49.900066    47.041229    43.297058 
   39.271782    36.157364    32.760765    30.469313    30.464565    48.379375    49.024990    50.909344    52.404652    55.488819 
   55.849678    52.563454    51.399055    51.929497    50.515488    50.114243    51.670063    54.367287    53.182850    52.573864 
   53.614708    56.678661    57.144867    50.847820    46.580898    44.267307    43.427036    37.131733    33.595139    32.473267 
   49.093712    49.904499    51.205975    53.081062    58.263294    58.440933    55.586205    53.258163    53.984192    52.490601 
   52.451595    54.224331    54.870041    54.951035    57.992455    60.531986    56.954426    53.197285    50.067089    47.847656 
   47.662224    45.212479    39.712696    36.090797    34.138996    50.491295    52.558464    53.167278    53.622261    55.693558 
   58.324661    57.492615    55.181576    53.965641    53.686985    53.461292    53.419331    54.170795    54.843937    57.596752 
   52.805470    49.763081    49.774830    50.480640    47.775799    43.663528    40.837982    38.968040    36.040512    34.360329 
   51.778393    55.615097    57.247639    55.224995    55.689220    57.295059    56.087814    54.999222    55.401737    54.348461 
   52.831161    51.954082    51.887905    51.446545    50.428471    47.266945    45.942738    47.873196    49.737293    43.406799 
   39.545544    38.540520    37.989059    35.377148    34.160660    52.845982    57.518185    57.923176    57.253841    58.348949 
   59.750355    57.621395    54.788586    54.235634    55.499832    53.118961    50.775654    50.076122    49.492085    46.033035 
   43.612968    42.703953    42.988907    42.244385    39.681602    37.695644    37.302097    37.169529    35.659748    34.977596 
   52.480270    55.924259    58.921883    60.684517    61.549404    65.476883    59.894043    56.012310    54.755180    54.266106 
   53.018414    51.614723    49.887962    48.450809    44.154327    41.837318    40.954781    40.779518    40.211338    38.731640 
   37.365395    37.072681    38.074738    37.905376    37.899731    57.445320    52.563938    49.934795    48.466290    48.098419 
   48.785645    46.629753    47.575455    48.642059    48.101955    48.247974    48.482002    48.613571    49.392590    48.513947 
   45.292839    43.472046    40.801357    36.319698    31.506914    27.460890    24.700659    23.435921    23.821321    26.094156 
   59.738850    52.086155    48.478405    48.424904    48.445374    48.355015    46.500946    47.000214    47.764534    47.588139 
   47.233322    47.174198    46.104610    45.897068    43.495968    41.547012    40.187828    38.128220    34.637035    30.618067 
   27.131323    24.716803    23.609791    24.019936    26.252483    54.715462    49.935955    47.988327    50.095562    48.217064 
   47.824558    46.724895    45.912949    46.170734    47.817173    46.587418    47.158203    45.892918    44.033550    41.606358 
   40.582550    40.296299    38.329556    34.588390    30.856871    27.713802    25.478609    24.369238    24.658472    26.727741 
   53.606377    49.589294    48.281731    50.972553    47.710175    47.063107    46.755653    45.970596    45.769123    46.473717 
   46.472633    47.538582    47.394920    43.993595    41.975243    42.203644    44.153057    41.656551    36.153969    32.345303 
   29.285261    27.013519    25.707191    25.701864    27.466858    49.992382    48.264507    48.385788    50.361801    47.357864 
   46.431198    46.209553    45.985950    45.908756    46.419125    47.682652    49.546158    48.173168    45.064140    44.085506 
   45.986706    44.932125    42.885887    38.918549    35.226845    32.061817    29.558275    27.862185    27.369160    28.642664 
   47.966091    47.284954    47.770206    48.722752    48.330521    48.156219    48.103188    47.734730    47.523743    48.149086 
   49.450840    51.657948    52.192459    47.836304    47.837173    49.192719    47.300331    46.488461    43.553577    39.883362 
   36.483639    33.727585    31.462118    30.235287    30.670561    47.651722    47.770523    47.708878    49.273754    51.190506 
   53.269550    52.907280    51.165482    51.170177    50.891838    50.972233    52.562504    52.697838    50.966583    50.757965 
   51.289703    51.856747    51.496330    50.283733    46.627369    43.728756    41.404018    38.161095    35.774574    34.257736 
   47.820301    48.008827    48.533878    50.817154    54.341358    55.109192    55.596905    53.885609    55.011185    53.756088 
   52.807003    53.040401    53.644646    53.846848    54.778324    54.441624    52.945225    50.600937    49.530548    48.447937 
   49.427094    47.888596    46.105377    43.356560    38.586075    48.977592    49.700245    50.720409    52.000229    52.803375 
   54.107708    55.019325    53.727703    54.660534    55.522488    53.008507    51.956280    53.609604    55.988174    57.382561 
   51.304005    48.263508    47.871021    49.597214    46.303253    42.981339    40.593487    38.772804    37.502857    36.978432 
   50.493282    52.439220    54.923615    53.284889    53.038116    53.481377    53.197464    52.961094    54.144539    55.572117 
   53.569817    51.702103    51.322880    53.567940    54.092800    47.413300    44.927734    45.246826    46.288956    44.063610 
   41.015442    39.041027    36.661682    34.610168    34.728184    51.714890    54.556892    56.688690    55.669025    55.770782 
   56.406540    54.814934    53.612854    54.349457    56.431297    53.797852    50.456173    49.136406    49.138824    47.277100 
   44.162750    42.726959    43.006393    43.501778    42.837440    41.937634    40.811771    36.318554    34.191776    34.432152 
   59.652454    52.657509    49.173008    47.889610    47.699619    47.539295    46.686512    46.812469    46.280041    46.558434 
   47.467293    47.539917    47.736450    46.969559    45.101398    42.612373    39.538780    36.020992    32.143604    28.456156 
   25.526836    23.690105    23.094866    23.872448    26.313047    56.708012    50.939957    47.831818    47.802395    49.392605 
   48.748550    46.922825    46.794365    45.854549    46.259632    47.860409    47.415707    45.640781    43.968388    41.325527 
   39.448284    37.702934    35.119019    31.689707    28.341537    25.730877    24.150894    23.712587    24.559374    26.994186 
   53.623779    48.734322    46.875774    47.462246    47.368332    47.947014    46.384926    45.133312    45.124336    45.987549 
   46.092243    46.432823    46.751156    42.938049    40.111382    39.294010    39.288502    36.633469    32.518360    29.088844 
   26.589041    25.077581    24.590107    25.309633    27.600927    50.899132    47.400139    46.468452    46.911804    46.251003 
   46.011448    45.565048    44.833385    45.162052    46.485657    46.486042    47.392132    45.906319    42.446812    40.758247 
   41.934166    45.352135    39.648071    34.389736    30.817095    28.248285    26.579124    25.815794    26.213663    28.209366 
   49.199104    46.777267    46.347977    47.080475    46.425949    45.781967    45.494453    45.255535    45.455318    46.547710 
   48.838005    49.979790    46.741844    43.495533    42.580208    45.076321    44.342323    40.883781    37.122387    33.653233 
   30.828482    28.785406    27.587906    27.542486    29.108456    47.811081    46.453621    46.282188    47.841984    47.775024 
   47.140717    47.405506    47.286819    47.165932    48.716038    52.370693    54.452667    49.641861    45.462482    44.799076 
   46.138493    46.076698    44.749050    42.167297    38.236553    34.675617    32.089584    30.459745    29.986891    30.955097 
   46.897015    46.673512    46.579037    48.849876    49.877270    50.112667    51.222759    51.596443    50.290802    50.837135 
   52.458282    54.370827    50.219917    47.577908    47.318703    49.042351    50.584171    51.462799    51.387035    45.712761 
   40.101906    36.944832    35.341347    35.054005    35.120541    47.037334    47.278408    47.287975    50.756943    52.218666 
   51.481667    51.932648    52.543282    53.192558    51.773949    50.933907    50.739769    50.035534    49.926090    50.771873 
   50.409969    49.954895    49.799084    50.094730    48.856670    43.514256    40.233917    39.599449    42.517719    45.430367 
   47.974010    48.097244    48.551815    51.708286    51.583599    51.426022    51.434628    51.694099    52.465363    52.556793 
   51.195995    50.129711    51.060478    53.167839    53.314087    49.094112    46.731277    46.816563    48.929199    48.618740 
   42.066692    37.984184    36.337883    37.575745    42.499104    49.683746    49.924351    50.250870    50.875553    51.614632 
   51.899208    51.187077    51.731239    53.694885    55.990219    53.089500    52.356552    51.854160    52.085350    52.743622 
   47.080853    44.610508    44.946499    47.212132    49.508835    42.438908    37.106659    34.196125    33.741249    35.530903 
   51.246048    52.047390    52.197407    52.187927    54.307617    53.535316    52.749786    53.222710    55.042645    57.328098 
   53.698017    49.746254    48.307114    47.823036    48.641743    44.789124    43.143597    44.088947    46.263340    47.774345 
   44.851334    38.107220    33.767876    32.268467    33.170521    52.555683    50.116562    47.941566    47.390453    47.400997 
   47.557663    47.164474    46.318138    46.234344    47.749783    49.033104    47.090881    44.782970    42.177471    39.818806 
   38.256088    36.892269    34.546665    31.152248    28.193905    26.300295    25.603390    25.919275    27.128550    29.622854 
   49.100243    47.439964    46.536495    46.526844    46.864471    47.972054    47.618244    46.084507    45.788082    46.441433 
   47.212719    46.524025    44.960247    41.459557    39.154705    38.409855    39.184582    37.817474    32.600044    29.326712 
   27.497763    26.898464    27.090469    28.071428    30.469374    47.643555    46.721943    46.526646    47.026512    46.842422 
   47.700024    47.861885    46.638088    46.810707    47.150188    47.495323    48.815105    46.011665    41.815403    40.006214 
   40.146843    42.066391    39.923702    34.560982    31.243906    29.330484    28.487370    28.123270    28.575516    30.589685 
   46.862034    46.600758    47.041599    49.524151    47.658745    47.193913    47.102943    46.822357    46.919598    47.825642 
   50.628750    51.750416    46.174583    42.794052    41.574596    42.233250    42.677345    40.538105    37.016163    33.839195 
   31.584902    30.122860    29.029331    28.936638    30.521133    46.204395    46.086197    46.977734    49.678509    48.845394 
   48.125759    48.682060    48.474186    47.886909    49.244099    55.686028    55.546768    47.771191    44.129509    43.431168 
   45.458164    46.861847    44.840534    41.336193    37.461906    34.292725    31.929232    30.258604    29.888340    31.187899 
   45.782612    45.754803    47.101799    50.208134    50.321018    50.839260    52.102833    51.435734    49.984188    49.967873 
   53.412632    55.005569    48.367554    45.403950    45.157619    47.730854    51.450310    52.008625    47.758842    41.939903 
   37.170937    33.828995    31.993670    32.024288    33.593964    45.682007    45.539371    46.752304    50.316319    50.741863 
   50.589233    51.097702    51.833378    51.724033    49.920456    49.822754    49.307995    47.646336    46.955803    46.942707 
   47.244877    48.439995    49.293869    49.241066    45.904362    39.136524    34.876900    33.170364    34.623425    39.363529 
   46.034996    45.830288    46.538784    49.141510    51.914047    50.972694    50.683781    51.453197    51.180683    50.333412 
   49.051067    48.020809    48.127106    50.399593    49.640770    47.717594    46.120445    47.007339    51.712036    49.228310 
   39.921360    34.621174    32.569347    34.586479    44.624641    47.124210    47.881077    47.600292    48.139580    50.485687 
   51.514816    49.872311    51.780106    54.077400    53.420364    50.247223    48.446491    48.171711    49.088226    49.359772 
   47.042110    45.117733    46.026577    49.116459    50.462955    41.246151    34.638897    31.558060    32.069202    36.734238 
   49.768127    49.145687    49.263039    49.202183    48.892834    49.244122    48.805252    47.786530    47.877247    48.601784 
   50.772011    47.708466    45.155800    41.907444    38.900444    37.437420    36.866165    35.333485    31.976599    29.384739 
   28.208385    28.748806    30.519888    31.928295    34.724514    47.641586    47.389748    48.144020    48.653831    48.985268 
   51.415512    51.380642    48.868397    48.155327    48.973709    52.187027    47.333351    44.113281    41.651352    39.345306 
   38.513985    40.323296    40.875793    34.407120    31.390278    30.380093    31.553791    33.322426    33.751503    36.998806 
   46.827618    47.126629    49.527534    50.453857    49.637314    50.589729    51.851727    50.519753    49.874451    49.888306 
   48.998272    47.626724    44.963615    42.927685    40.770760    40.316483    41.456169    40.725964    36.526867    33.664055 
   32.745377    34.150612    33.731827    33.317448    35.502392    46.618847    47.574551    49.937828    52.007786    50.012032 
   50.287155    50.681877    49.771053    49.716000    50.645992    51.337666    49.704590    46.205971    44.094219    42.411652 
   42.750374    43.986305    42.217117    38.780704    36.052963    34.937073    35.389145    32.923878    31.875284    33.212860 
   46.494061    47.941063    50.029079    50.405754    49.495346    50.273712    53.027832    51.753418    49.621651    51.175625 
   57.869381    53.211281    47.114826    44.477520    43.779995    46.383045    51.473965    46.215462    41.960510    38.817596 
   36.847973    35.206387    31.901596    30.698717    31.831993    46.309826    47.722355    49.520351    51.442917    49.777195 
   50.918140    56.184715    54.105099    50.238125    50.569588    54.368565    53.484928    47.255802    44.939007    44.800140 
   47.131401    52.276062    50.358364    45.831516    41.883209    38.033482    34.200684    31.035505    30.342278    31.909491 
   46.013447    46.830559    46.806015    48.010086    47.971439    48.915573    50.877300    50.496777    50.747906    50.262398 
   50.593674    48.946857    46.664177    45.852943    45.965942    46.762115    48.156036    48.884628    50.946678    44.782745 
   38.056896    33.004578    30.284393    30.694305    34.147163    45.784088    45.614159    45.923153    46.473728    47.434372 
   47.419926    47.787018    49.864006    50.754169    50.395924    49.053112    47.279251    46.676331    47.838028    48.660011 
   47.419914    46.601086    47.471004    51.240307    45.429462    37.485100    31.876606    29.280754    30.607677    39.627033 
   46.078064    46.338993    46.333881    45.722580    46.382629    46.472733    46.979626    50.491325    52.565624    52.857441 
   49.837830    47.303127    46.617798    46.981033    48.772141    47.143078    46.196411    47.338966    48.273880    44.197247 
   36.905842    31.025858    28.021761    28.556528    33.452610 
49.721409 23.094866 91.980446 Solute 1: pmean, pmin, pmax
