lowflow
 0 0 0 0 0 0 0 0 0 0 0 0 0 0 0 0 0 0 0 0 0 0 0 0 0 0 0 0 0 0 0 0 0 0 0 0 0 0 0 0 0 0 0 0 0 0 0 0 0 0
 0 0 0 0 0 0 0 0 0 0 0 0 0 0 0 0 0 0 0 0 0 0 0 0 0 0 0 0 0 0 0 0 0 0 0 0 0 0 0 0 0 0 0 0 0 0 0 0 0 0
 0 0 0 0 0 0 0 0 0 0 0 0 0 0 0 0 0 0 0 0 0 0 0 0 0 0 0 0 0 0 0 0 0 0 0 0 0 0 0 0 0 0 0 0 0 0 0 0 0 0
 0 0 0 0 0 0 0 0 0 0 0 0 0 0 0 0 0 0 0 0 0 0 0 0 0 0 0 0 0 0 0 0 0 0 0 0 0 0 0 0 0 0 0 0 0 0 0 0 0 0
 0 0 0 0 0 0 0 0 0 0 0 0 0 0 0 0 0 0 0 0 0 0 0 0 0 0 0 0 0 0 0 0 0 0 0 0 0 0 0 0 0 0 0 0 0 0 0 0 0 0
 0 0 0 0 0 0 0 0 0 0 0 0 0 0 0 0 0 0 0 0 0 0 0 0 0 0 0 0 0 0 0 0 0 0 0 0 0 0 0 0 0 0 0 0 0 0 0 0 0 0
 0 0 0 0 0 0 0 0 0 0 0 0 0 0 0 0 0 0 0 0 0 0 0 0 0 0 0 0 0 0 0 0 0 0 0 0 0 0 0 0 0 0 0 0 0 0 0 0 0 0
 0 0 0 0 0 0 0 0 0 0 0 0 0 0 0 0 0 0 0 0 0 0 0 0 0 0 0 0 0 0 0 0 0 0 0 0 0 0 0 0 0 0 0 0 0 0 0 0 0 0
 0 0 0 0 0 0 0 0 0 0 0 0 0 0 0 0 0 0 0 0 0 0 0 0 0 0 0 0 0 0 0 0 0 0 0 0 0 0 0 0 0 0 0 0 0 0 0 0 0 0
 0 0 0 0 0 0 0 0 0 0 0 0 0 0 0 0 0 0 0 0 0 0 0 0 0 0 0 0 0 0 0 0 0 0 0 0 0 0 0 0 0 0 0 0 0 0 0 0 0 0
 0 0 0 0 0 0 0 0 0 0 0 0 0 0 0 0 0 0 0 0 0 0 0 0 0 0 0 0 0 0 0 0 0 0 0 0 0 0 0 0 0 0 0 0 0 0 0 0 0 0
 0 0 0 0 0 0 0 0 0 0 0 0 0 0 0 0 0 0 0 0 0 0 0 0 0 0 0 0 0 0 0 0 0 0 0 0 0 0 0 0 0 0 0 0 0 0 0 0 0 0
 0 0 0 0 0 0 0 0 0 0 0 0 0 0 0 0 0 0 0 0 0 0 0 0 0 0 0 0 0 0 0 0 0 0 0 0 0 0 0 0 0 0 0 0 0 0 0 0 0 0
 0 0 0 0 0 0 0 0 0 0 0 0 0 0 0 0 0 0 0 0 0 0 0 0 0 0 0 0 0 0 0 0 0 0 0 0 0 0 0 0 0 0 0 0 0 0 0 0 0 0
 0 0 0 0 0 0 0 0 0 0 0 0 0 0 0 0 0 0 0 0 0 0 0 0 0 0 0 0 0 0 0 0 0 0 0 0 0 0 0 0 0 0 0 0 0 0 0 0 0 0
 0 0 0 0 0 0 0 0 0 0 0 0 0 0 0 0 0 0 0 0 0 0 0 0 0 0 0 0 0 0 0 0 0 0 0 0 0 0 0 0 0 0 0 0 0 0 0 0 0 0
 0 0 0 0 0 0 0 0 0 0 0 0 0 0 0 0 0 0 0 0 0 0 0 0 0 0 0 0 0 0 0 0 0 0 0 0 0 0 0 0 0 0 0 0 0 0 0 0 0 0
 0 0 0 0 0 0 0 0 0 0 0 0 0 0 0 0 0 0 0 0 0 0 0 0 0 0 0 0 0 0 0 0 0 0 0 0 0 0 0 0 0 0 0 0 0 0 0 0 0 0
 0 0 0 0 0 0 0 0 0 0 0 0 0 0 0 0 0 0 0 0 0 0 0 0 0 0 0 0 0 0 0 0 0 0 0 0 0 0 0 0 0 0 0 0 0 0 0 0 0 0
 0 0 0 0 0 0 0 0 0 0 0 0 0 0 0 0 0 0 0 0 0 0 0 0 0 0 0 0 0 0 0 0 0 0 0 0 0 0 0 0 0 0 0 0 0 0 0 0 0 0
 0 0 0 0 0 0 0 0 0 0 0 0 0 0 0 0 0 0 0 0 0 0 0 0 0 0 0 0 0 0 0 0 0 0 0 0 0 0 0 0 0 0 0 0 0 0 0 0 0 0
 0 0 0 0 0 0 0 0 0 0 0 0 0 0 0 0 0 0 0 0 0 0 0 0 0 0 0 0 0 0 0 0 0 0 0 0 0 0 0 0 0 0 0 0 0 0 0 0 0 0
 0 0 0 0 0 0 0 0 0 0 0 0 0 0 0 0 0 0 0 0 0 0 0 0 0 0 0 0 0 0 0 0 0 0 0 0 0 0 0 0 0 0 0 0 0 0 0 0 0 0
 0 0 0 0 0 0 0 0 0 0 0 0
Solute 1 pvseg
   99.2482    97.8664    96.3032    94.4772    93.4268    90.9489    89.6038    87.9130    85.9078    52.1058 
   52.2498    52.4883    52.7439    54.0178    54.1455    55.7208    56.5477    54.3772    56.4097    82.0509 
   52.2679    52.4139    54.2690    79.4025    53.6198    54.9715    56.1264    86.5649    55.0944    53.2016 
   55.8596    77.5463    56.3317    53.0960    79.7126    84.7652    52.3368    61.9410    55.1519    53.1439 
   79.7809    54.0871    68.7033    54.3974    74.0675    63.6221    53.2474    53.9933    54.3433    70.6872 
   57.5402    70.4634    66.7888    56.7666    80.7181    92.7496    83.1345    51.3435    45.9443    52.6784 
   92.6396    69.2127    73.2286    67.6502    68.5078    53.2746    91.4114    51.9589    52.4225    45.9455 
   51.2496    53.5583    55.1496    50.2215    56.2903    68.8670    75.6283    65.3643    59.4920    69.7221 
   68.3131    53.5704    74.4272    88.8211    53.6699    69.6938    46.0609    51.5743    55.9820    59.7055 
   55.0494    50.2410    58.6878    57.6409    53.0301    54.2666    77.8106    63.2464    59.0438    53.1921 
   68.3399    84.7837    67.4926    58.1431    46.1995    51.7794    64.0049    54.9322    61.8310    58.3695 
   76.5170    52.0707    71.7291    82.8461    54.4057    53.6537    89.9088    72.8150    80.3172    70.4635 
   61.4106    58.3069    53.1511    63.7843    68.4913    62.6453    67.2887    46.2985    43.9638    51.6992 
   64.8672    51.4136    58.5943    47.7704    63.2225    59.2662    68.8886    75.8217    79.2303    52.4997 
   53.8722    53.9559    71.6917    69.4564    53.6409    54.2070    59.7021    88.2541    51.4111    55.5394 
   56.4529    74.7417    67.2980    59.7822    57.5743    67.3717    54.0823    56.5375    60.6241    67.4984 
   45.1350    51.6806    67.1376    58.3023    62.1247    47.7132    62.3938    60.2817    65.5730    60.8604 
   53.0601    53.9307    67.0510    66.7346    54.3011    60.1223    86.3089    51.4269    54.4084    53.9775 
   61.2621    57.5702    63.1095    48.1357    72.6636    64.7335    58.0788    56.9481    44.3424    54.0359 
   77.5696    69.3545    59.4690    59.3084    64.6984    58.0174    46.3021    51.6633    58.6223    49.8348 
   61.1823    61.3155    63.5803    65.2053    44.3411    50.6818    55.1628    64.0455    63.3751    55.1707 
   59.3639    84.3683    51.4474    54.0819    60.6172    56.5329    58.0670    89.4591    82.8135    52.4079 
   64.1185    48.4083    58.7063    46.4447    71.2174    62.4974    60.3203    56.4404    56.4616    42.7909 
   72.1003    55.0803    74.1481    70.1780    60.2430    58.8682    61.0789    56.8777    51.7321    47.5145 
   51.4896    72.3351    53.2267    60.8510    51.2129    59.1321    60.9339    69.2168    44.6204    59.8759 
   50.7278    54.9199    59.2085    57.5701    82.4284    51.4818    54.1001    58.8058    53.3904    84.2477 
   52.5638    75.8511    48.7196    60.1859    54.8969    62.2540    64.8794    56.7369    52.9029    49.0762 
   54.9923    62.1687    71.7726    80.2631    65.4285    88.7387    87.0351    69.9911    84.3450    57.3102 
   59.7435    54.8545    42.0051    75.1752    57.1137    72.2341    70.9831    57.7993    60.1404    55.4373 
   54.1272    48.6827    51.4715    54.9825    58.2740    50.8729    57.2207    57.9685    62.1627    45.1144 
   51.9872    50.1924    55.8725    56.2740    79.4800    51.5107    54.1632    56.1770    59.5287    79.6173 
   52.7465    48.1688    62.1028    63.1699    66.9669    57.6694    57.5794    54.4455    52.9815    54.6776 
   63.7342    80.9739    63.0787    67.0066    53.1972    86.1194    51.7619    53.8245    54.1221    68.7934 
   57.3079    60.5641    53.4734    50.7095    42.1835    76.7571    59.0106    70.5671    71.8211    55.6699 
   53.7627    56.2651    49.8545    51.9219    56.4908    56.5973    49.8946    56.6621    55.6107    61.8812 
   45.7869    49.3634    53.6582    78.9992    56.4314    55.3100    75.3568    51.5140    54.3321    75.8964 
   52.9696    49.1163    64.4229    64.0757    68.9964    58.5076    56.5497    54.1724    66.0486    78.1311 
   62.2409    53.3819    56.2432    83.5175    53.3879    65.6577    51.6723    53.6215    55.7459    79.0498 
   81.3420    51.6834    71.1498    55.5656    57.2036    54.0995    53.4306    62.8470    80.9818    66.9106 
   78.0341    57.1521    61.9814    52.3621    59.4252    75.7661    60.3850    68.9950    72.6750    52.0801 
   58.2211    52.0983    57.8435    55.2113    49.6256    56.1409    60.4703    46.5779    48.4384    52.6863 
   77.7115    57.4492    54.7330    71.3524    55.4170    64.8032    72.9428    61.8190    53.5860    50.0776 
   65.1592    64.8872    71.7202    50.3376    59.4568    59.2367    58.3785    65.2385    53.4595    68.6423 
   53.6726    57.1445    53.4568    63.7900    67.2366    51.5644    53.3597    55.9949    73.9316    72.4340 
   85.1046    57.7552    82.0032    66.6158    58.6399    49.7393    63.6333    79.8909    52.3473    55.0727 
   54.5772    69.1003    61.7828    59.4899    48.4360    64.5438    56.0505    63.6964    51.3931    67.6733 
   61.4849    67.3667    62.8864    50.7052    60.2758    52.7836    59.6539    53.9307    49.8727    53.7521 
   58.6657    47.4825    47.7949    52.9396    76.7673    58.6456    54.5491    54.5885    55.8630    51.9365 
   68.1599    70.5261    62.6916    51.1454    63.8279    65.5951    74.8704    50.7208    60.3816    61.2554 
   56.4807    66.6127    52.6195    69.8898    54.2986    62.3689    64.1009    51.4649    56.3584    69.3881 
   74.1037    54.4416    84.4750    58.5352    67.0381    60.9877    49.2974    64.6976    77.3420    66.1661 
   52.5198    67.5039    72.6969    63.3115    60.8413    80.3966    57.9563    75.5575    55.8540    66.3452 
   51.5881    59.2538    58.7413    53.6932    54.1104    50.0369    82.3912    72.1414    69.1092    51.2419 
   57.9982    59.8851    65.7055    63.4666    65.6435    63.2569    50.5089    52.5241    61.7801    52.7477 
   49.9593    56.2843    57.3532    48.5207    53.8332    47.8503    53.1255    59.7915    63.8780    55.9155 
   53.2024    56.1592    51.9982    71.4706    68.5484    51.8269    61.9710    66.3381    51.2866    54.7101 
   51.6994    71.9421    61.3693    51.3387    56.7333    65.0100    76.0028    53.3708    83.7324    59.4775 
   67.9444    59.5497    48.8819    65.8117    73.5316    61.2754    50.1483    65.7740    76.9899    64.0185 
   62.9882    81.7267    55.2234    60.2976    73.6272    55.6780    63.4372    52.1410    58.4903    58.8988 
   53.4692    53.8336    63.9404    83.6067    69.5492    67.6437    57.7773    67.0844    64.4256    63.7344 
   62.1493    68.4377    56.9678    58.8559    83.8870    72.9285    53.0120    57.2161    62.2719    65.8590 
   64.3634    52.0305    51.7203    49.4679    58.9027    56.4546    49.7032    53.9460    48.7274    53.1780 
   60.5452    59.2844    52.4613    56.1178    52.0827    75.0038    66.4157    51.9255    60.3352    67.3774 
   50.7735    53.2440    50.8052    75.4153    60.7114    51.1581    59.9245    61.1461    77.9639    52.3117 
   82.9569    60.4700    69.1486    57.5680    48.5466    54.2671    66.9246    70.1739    56.3985    48.7538 
   64.3866    81.7629    65.0720    83.2188    53.1553    63.0537    49.1778    55.3703    69.8019    61.4174 
   57.6494    50.7347    53.6455    54.3439    63.0013    85.3048    68.6033    65.9927    68.1494    57.3722 
   69.4933    62.1261    68.2373    61.6141    63.0930    85.2077    66.0730    55.1943    52.5543    84.6283 
   50.7912    59.4853    58.6959    56.2555    67.3462    54.2593    60.3882    65.8622    51.6309    49.6774 
   61.6510    55.2590    51.5115    50.1869    53.0922    58.8942    65.3628    52.4366    55.7917    52.1983 
   79.0790    64.2262    51.7854    59.0541    68.8429    51.6361    52.1365    77.5413    60.3851    50.9322 
   58.6883    79.9504    53.9795    82.2082    61.4214    70.3742    51.9851    48.5416    54.9196    67.5130 
   52.2237    48.3422    63.3939    67.3157    51.6407    66.3905    50.5877    55.0959    66.1487    59.2164 
   56.9338    50.8048    53.8556    56.3451    61.9521    64.3644    69.3043    56.5643    56.8764    67.6145 
   54.4295    66.9056    64.3562    63.6824    53.2057    53.1406    73.6530    48.0270    50.8027    72.3847 
   52.0390    72.4662    54.5803    57.8411    54.8252    53.1282    68.3198    66.6559    51.6271    61.8745 
   50.1934    70.6654    70.9338    53.8459    53.3333    61.2892    51.7883    63.7081    51.6361    51.0755 
   65.2287    53.7992    52.1035    52.8236    59.4107    63.0132    75.9987    52.5330    55.4044    52.3842 
   83.2523    62.3456    51.5336    57.8994    70.6668    47.5224    51.4079    60.2653    50.6744    57.1415 
   81.5502    54.7761    62.3005    71.4665    51.6949    48.9223    55.6401    65.2917    52.0057    48.5980 
   62.7424    85.8372    50.7823    71.0983    52.6017    57.2750    56.4613    48.2027    54.1332    58.4917 
   61.0738    62.9619    70.2879    66.0718    54.0442    65.8008    66.6323    61.2893    54.1569    46.7051 
   50.8484    52.1447    69.7563    56.4528    56.5146    55.4809    48.9819    68.7482    60.4745    53.6911 
   66.3883    58.2339    74.8149    54.3568    76.6329    49.9781    52.1743    70.1317    54.5146    52.6972 
   50.0078    60.2014    52.5844    54.7757    51.3524    72.7850    47.9914    51.0596    59.9900    50.4139 
   56.0239    55.7372    80.6637    63.1111    71.7363    49.6782    56.4275    63.3606    51.8580    49.0208 
   62.4053    88.7737    55.1670    55.8095    49.1466    56.6852    60.1929    60.1729    61.8172    56.2021 
   71.2818    64.5380    53.6617    65.0636    70.8777    59.0423    55.3422    46.8562    50.9036    52.2676 
   55.9712    57.9632    66.1328    59.4951    82.6872    53.9326    58.4798    53.2038    61.6703    54.7192 
   52.4431    53.7246    64.4285    77.8504    63.9921    57.1357    50.0164    53.1111    57.4599    49.8942 
   61.1065    54.0892    51.3067    75.2142    48.9248    59.4394    50.1866    55.5242    56.8727    78.9142 
   63.8498    72.0927    50.7480    57.3864    61.5533    90.8805    58.1998    54.7328    50.4778    57.9588 
   62.4777    59.2372    60.8813    72.1870    62.8981    53.2529    57.5238    56.6559    48.1420    50.9641 
   51.4782    55.7810    59.8157    59.1306    80.6578    57.6198    53.2154    62.4503    57.2141    54.6813 
   55.0957    61.4580    62.7347    71.6802    76.6394    78.7310    55.3930    49.5373    65.3254    72.6714 
   49.3711    52.6436    55.9563    50.9586    54.3149    61.0337    49.8788    62.3712    53.9030    51.4161 
   77.8821    50.2388    58.9603    58.1619    77.8444    73.5484    52.0819    58.6230    59.8465    61.6195 
   52.1194    59.5125    65.1020    58.3334    72.9596    61.3658    52.8716    56.5057    58.0071    50.4380 
   51.0512    56.1172    61.7948    60.0863    78.4161    56.1556    53.3590    60.7899    55.8708    56.3459 
   62.2084    68.6383    80.7289    49.6221    55.4104    66.8360    49.0663    78.7672    66.4014    55.1704 
   67.4918    67.6699    50.8934    71.4332    52.0396    55.7819    65.4100    64.2263    54.1054    51.6791 
   52.0805    58.0762    60.0666    76.7278    75.5396    53.6950    59.7976    58.2971    65.4424    53.9469 
   61.3279    67.8276    59.8771    55.6738    58.8761    55.9074    49.9260    56.9077    61.5395    75.4718 
   55.5604    57.6867    57.7501    62.7628    51.4986    53.5040    51.5293    56.3121    69.3993    68.1330 
   54.0570    66.1821    70.8979    51.1176    71.0488    77.9077    67.2121    53.5417    53.1347    57.4465 
   66.4729    54.3992    52.0523    56.6495    77.9782    55.7680    60.6440    56.9047    55.8268    63.3212 
   58.6884    54.7409    59.3495    50.1745    57.9565    62.9492    58.7532    61.2545    53.4675    57.1687 
   70.1471    52.8448    63.1668    67.4109    65.2330    48.8272    49.0817    73.8096    54.2775    59.4518 
   69.0958    54.7478    52.4825    55.1444    58.0665    61.4918    55.6395    58.3915    64.9265    58.0440 
   53.5222    59.9738    50.6076    59.7705    53.4355    72.1782    60.0604    52.0894    59.3071    64.3782 
   63.1353    48.6381    48.8917    55.6624    61.4137    71.8801    55.1193    60.2464    62.5471    54.4794 
   52.1148    60.5347    58.3406    74.5249    56.4380    61.8730    61.1567    48.2774    57.1181    63.0980 
   55.4715    63.8160    53.5373    61.5402    51.2105    57.0139    78.3585    60.0395    58.8447    47.9103 
   58.5352    65.1753    55.7741    65.3605    52.9417    64.6002    55.8213    47.9189    60.0960    67.8496 
   67.2685    54.7823    48.3250    61.7687    70.8056    69.0685    53.9430    48.9022    63.5863    49.6138 
   65.8460    53.0562    50.5624    68.8560    51.9734    53.2015    54.0444    55.0684    56.5449    58.6087 
   60.9133    63.2066 
Solute 1 pevseg
   81.4621    81.2908    80.3785    80.8154    82.7098    80.3108    78.9512    79.3174    80.1682    44.8852 
   46.5237    47.2589    49.4410    53.4044    53.4123    54.4503    55.6771    53.4275    54.7016    77.9277 
   52.0940    46.3423    53.1775    75.8478    53.1233    53.8406    55.0527    80.9396    54.0369    51.0883 
   54.9123    72.9489    54.6240    52.0277    72.7027    82.5938    46.0621    59.9614    54.3945    52.4645 
   75.9754    53.0653    63.0845    52.1765    68.9831    60.4748    50.8892    53.5263    52.8921    63.1351 
   55.7317    66.0793    63.1611    54.9443    75.5019    86.4039    79.3110    51.0520    46.6968    48.6180 
   83.6178    66.0396    64.0909    64.2167    64.5355    51.7738    83.4613    50.0923    52.6024    45.2603 
   48.8352    53.6778    54.7001    49.9476    53.2721    66.7101    69.1685    62.5584    58.8225    65.3261 
   63.7481    51.1970    70.7112    79.6311    50.5885    68.4488    45.0553    48.0809    54.1192    57.0524 
   54.7581    49.3143    55.5453    54.5422    51.0288    52.8665    70.8234    60.3822    57.3208    53.7991 
   62.9787    73.6665    64.1316    53.7254    45.1810    51.5536    61.1738    54.7604    58.7443    54.6596 
   72.9593    51.1800    66.6961    80.1940    53.2215    53.3796    81.8076    68.9543    73.8409    68.4018 
   58.0470    56.1866    52.7937    61.6646    65.1087    58.7525    62.9579    45.7502    42.2676    50.9873 
   61.6812    51.6530    59.2117    46.5015    61.3016    55.3878    66.0075    69.4617    74.7506    51.1858 
   53.1712    53.8230    66.6011    66.0975    52.1469    53.3933    59.1986    78.3264    50.9883    54.0258 
   55.8949    68.8335    65.2499    56.4523    55.7884    64.1388    54.3152    54.0620    56.5060    65.6314 
   41.8881    51.5361    62.6638    58.2825    56.3854    45.9689    60.7072    55.9491    62.7496    58.4947 
   50.8386    53.6909    62.2234    63.4483    51.8182    58.3336    75.4163    51.2831    53.1844    53.1105 
   58.5332    55.7482    60.6158    45.6743    66.5054    62.8568    54.9122    55.4316    41.2507    53.8787 
   67.5326    65.1455    54.8755    58.0745    62.8068    55.7627    42.8847    51.9311    58.0251    48.0316 
   58.0872    55.8724    60.5015    62.8958    43.5751    49.8829    54.5964    59.3958    60.9276    52.6630 
   57.0481    73.1938    50.8501    53.8410    58.0675    53.9181    55.8157    81.0310    79.1021    51.6203 
   61.1736    45.4385    56.6732    42.2870    65.6297    60.8195    58.0302    53.4666    55.1097    40.8856 
   67.7780    51.4122    65.0107    64.0820    56.7243    58.0460    59.8676    54.6555    47.0397    44.1854 
   52.1871    67.4707    50.5975    56.2908    50.7193    56.8606    57.8898    65.4552    42.0937    57.9823 
   51.2941    53.5743    55.7177    55.6823    72.2162    50.8336    54.0947    57.9852    51.3802    73.7481 
   51.2834    72.5332    46.0719    57.5131    55.9812    59.1010    59.3931    50.7362    50.8634    44.3535 
   54.2206    60.6751    67.4996    73.9981    61.8074    79.7249    79.6387    65.2153    80.5664    57.4270 
   58.8269    51.8657    41.2100    70.0174    53.6683    64.1772    63.8470    53.5066    61.3481    53.1539 
   48.6870    45.6528    50.8752    51.4528    54.4690    51.9403    55.0333    55.2596    61.6317    41.7767 
   52.0153    51.2191    55.4444    54.6945    71.3252    51.1149    53.2239    55.3749    56.5045    69.6578 
   51.5499    44.9376    58.4278    59.1727    62.6730    54.6911    51.8040    51.2567    48.1565    53.0583 
   61.0239    75.2063    62.3215    63.6254    52.8979    80.4651    51.2100    53.2637    52.9425    64.5466 
   57.1885    58.6998    50.7360    49.9462    43.3291    71.8716    56.2212    63.6417    63.5791    52.0383 
   51.3474    51.3481    46.4621    50.0661    54.4338    53.5282    50.5038    54.0696    53.5884    61.5629 
   41.7590    50.8663    51.5663    71.2760    55.0249    54.2088    66.5878    51.7089    52.7653    67.2700 
   51.9551    44.5924    60.1776    60.4289    63.8040    52.7041    52.4893    52.0799    62.8802    72.3443 
   60.8888    52.9464    55.3330    77.3692    52.6929    61.1681    50.7391    52.6653    54.4650    73.3926 
   69.4250    52.6084    67.7886    53.7973    55.2769    53.4611    52.4069    56.3834    73.2140    62.5695 
   72.9487    56.5409    59.6388    49.9818    57.2670    71.5891    58.9160    63.7680    66.5094    49.6375 
   54.0088    52.6436    55.0394    52.4570    49.4886    53.1881    59.6938    42.0820    49.8546    50.4678 
   70.6348    55.5734    54.1901    63.6272    53.2680    59.9788    65.3053    60.1760    52.7458    45.2931 
   60.5832    61.8118    65.9604    49.1677    53.6397    54.7287    55.3864    61.6109    50.7999    65.7573 
   52.9719    55.1299    53.1131    60.0630    64.4500    50.6877    52.5333    53.5752    67.7586    66.8907 
   81.3015    55.2152    75.5776    66.2428    58.3330    50.6187    56.4962    72.3953    52.0437    56.0362 
   56.3352    64.6348    59.8563    56.6921    48.0911    59.0628    52.2312    61.1778    49.7358    65.1829 
   59.6956    61.9766    63.3767    49.0240    54.8878    52.8946    56.2451    51.1842    49.5634    51.8994 
   57.9422    42.4158    48.4735    50.5983    69.3649    56.5889    54.5632    54.2287    54.0063    51.8939 
   61.8181    63.7915    59.8033    45.9381    59.9503    62.8601    68.5281    48.9192    55.0488    55.5221 
   53.5125    63.2164    49.5185    67.7119    53.0894    59.6313    61.8646    50.6641    53.4415    63.4248 
   68.4625    51.8804    79.5298    55.2835    64.8193    59.5894    49.9239    57.1789    68.8509    62.5993 
   53.3935    62.8920    67.9920    63.4902    59.1407    72.5582    56.0838    70.3403    55.5311    62.9232 
   50.7152    57.1667    58.9106    54.8558    54.9534    49.2659    76.6365    68.7529    63.8796    50.7990 
   57.4861    56.2313    63.5786    59.6816    61.1346    60.6253    51.5850    53.2799    57.6428    50.1078 
   50.1150    54.0568    56.9256    42.8651    51.8641    46.9754    52.5096    58.0234    59.3720    54.1631 
   55.8696    55.3394    51.4065    66.1343    62.7892    50.8455    58.0511    62.9755    49.3806    52.0371 
   48.2615    69.1053    59.4733    49.9980    54.1324    57.3431    69.6198    50.7524    78.4786    55.8521 
   64.6726    55.9150    49.7079    58.4318    63.2058    57.7446    50.8089    61.6149    71.8823    61.5246 
   60.6075    73.2897    53.6475    58.2338    68.7986    54.4748    60.3608    50.4147    56.5140    59.2201 
   53.2702    54.0477    61.4426    78.6924    67.7192    62.3459    56.2672    60.7273    61.1689    61.3383 
   60.9640    64.6152    55.1783    58.0973    80.0115    68.3562    51.6918    54.2663    60.4214    62.0745 
   60.6013    52.8789    48.7234    50.2353    55.9554    56.0634    43.4810    52.5804    46.6668    53.0015 
   59.5577    56.0318    53.2571    57.3054    51.8057    69.0999    57.9761    52.0242    57.0360    62.2693 
   49.5457    51.0304    47.3752    72.9666    59.5376    49.4080    56.6927    55.0849    72.6059    50.2496 
   77.5752    56.9954    65.3477    54.1036    48.9030    52.8648    59.8027    61.5410    54.0247    49.0498 
   61.1549    77.5258    62.6273    74.3680    51.8913    60.5744    47.7343    53.9882    64.6417    57.6194 
   55.8909    50.6019    52.9777    52.5846    58.1083    80.5349    66.6419    60.9891    61.9574    55.2347 
   66.9568    59.1198    64.9669    60.2575    62.0054    82.8930    61.9456    54.0533    51.6524    81.7578 
   51.0169    57.0228    56.0078    54.5235    63.6739    51.5750    59.7075    61.6071    52.0848    48.5066 
   58.1254    54.5258    45.8582    47.4608    54.5566    58.3371    60.8419    51.8582    57.5423    51.2621 
   73.6071    57.1761    52.9441    56.4112    62.2692    49.8341    50.5253    76.2869    60.0379    48.7750 
   55.1838    74.8032    52.0420    76.5415    58.2201    66.1875    50.6378    48.2028    53.1937    59.7659 
   51.8171    48.3327    61.2215    64.5871    50.6928    63.3518    48.3532    54.1697    63.2276    55.4055 
   55.4410    49.9164    52.7039    52.8241    58.1876    59.7392    63.5633    54.9585    54.8969    65.8753 
   53.8266    63.0973    62.8862    60.2084    51.1892    52.4741    69.4411    48.6987    50.3299    68.8583 
   51.6614    67.8830    54.7192    57.9568    53.2293    52.2494    64.4397    64.0266    51.2365    59.4221 
   50.2091    68.1830    65.5116    53.0308    52.1332    60.9861    49.5328    61.4734    51.1633    49.9199 
   61.1718    52.8468    48.7510    55.4159    58.1452    57.8040    70.2919    51.6358    57.1851    51.3066 
   80.0306    56.9914    52.6527    55.3465    63.1669    47.4938    50.4082    60.0641    48.3167    54.3369 
   76.8609    52.5644    59.4384    67.6528    50.1397    47.9098    53.9044    58.4187    50.9432    48.4268 
   61.3884    76.4317    50.5363    68.5649    49.7934    54.0911    55.5807    47.5103    52.6922    55.2604 
   57.4532    59.1254    64.3566    64.8245    53.0310    62.3089    63.8193    58.0108    51.3593    46.8460 
   50.2030    51.8523    64.9449    57.2021    55.4515    53.5008    49.2744    65.2177    58.8823    53.5355 
   63.9499    58.4114    70.1565    55.2943    73.6032    48.4936    50.8765    65.7459    50.5794    51.9955 
   48.6891    58.4931    52.5839    58.8235    51.8836    64.6374    47.4775    50.5998    58.9568    48.1601 
   54.1450    53.1864    73.8758    60.4580    73.6335    48.0478    54.4632    56.8168    50.5710    48.8930 
   62.0303    79.5708    51.9944    53.2673    47.4200    54.4271    55.9499    56.0541    58.5476    52.8043 
   65.7287    62.7483    52.7937    62.4370    67.1003    56.5418    52.1663    46.6221    50.2061    51.8678 
   56.6463    56.0925    62.7103    58.6424    77.7614    55.2864    58.6471    53.0975    61.1993    53.4104 
   51.7943    50.8752    62.2118    73.9284    61.9261    54.7845    48.5230    51.3780    53.0549    49.1792 
   59.4754    56.5518    51.1928    66.4295    48.3743    58.0053    48.3264    55.2568    53.8988    72.2954 
   61.5302    67.5951    48.7335    54.9576    54.8579    83.4274    54.9666    53.2956    48.2824    54.3888 
   57.6296    55.1292    58.2197    67.5565    61.3243    52.0682    55.8506    53.4889    47.5909    50.1942 
   51.1616    55.6826    57.7380    57.9702    75.0110    56.2569    53.5528    61.6022    54.4198    52.5699 
   52.9112    59.7590    60.4799    67.1025    72.1703    74.9888    52.9777    49.5839    62.2627    69.2872 
   48.4305    52.2081    53.0335    49.0726    52.2459    56.1136    50.3516    59.4150    53.2323    50.5261 
   70.4869    49.3281    58.2319    54.9475    73.4930    67.7906    49.7088    55.5733    53.4095    58.3982 
   49.6517    55.6342    60.1327    55.1625    68.8902    59.6893    51.8516    55.3357    54.9419    49.6522 
   50.0980    55.1846    59.7908    58.2495    71.7361    55.4062    54.6592    58.5412    52.9989    54.1189 
   60.5688    63.3627    76.4782    49.9415    53.0470    62.1959    48.3497    74.6013    64.9417    53.2671 
   63.1222    64.2441    50.3909    67.6506    50.1929    53.3607    60.9409    60.6647    52.8316    50.1659 
   50.9637    54.7728    54.2632    71.7093    67.9528    50.9927    57.8344    52.4117    62.3721    51.4477 
   56.9013    63.6791    58.2799    54.5048    58.0809    53.7184    49.5028    55.4487    59.0043    69.1604 
   55.4705    54.6210    55.7838    59.1034    51.2676    53.3840    50.4436    53.9462    64.1022    66.4936 
   51.9614    61.8680    67.4883    52.2374    67.0271    74.2194    64.1954    53.2706    51.3223    54.9653 
   62.4632    52.8760    50.1573    53.1950    71.0563    52.3103    59.0799    51.4175    53.4519    59.0634 
   57.5861    53.2609    58.0808    48.9861    56.3054    60.3610    57.6652    57.3795    53.2906    55.4956 
   68.5612    51.1824    59.3100    63.4110    62.1436    49.0374    50.0447    69.9615    52.3955    56.2901 
   64.6992    52.9900    50.6737    51.6857    55.1485    59.5708    50.4964    56.4155    61.0872    57.7775 
   51.4681    58.5613    49.1000    55.7490    53.3821    70.7099    56.2080    51.4078    55.7160    60.8079 
   60.0058    49.0850    48.9243    53.2278    59.3478    67.6431    53.4297    57.3563    60.2080    49.5959 
   49.9484    59.3495    54.3689    72.7308    53.5261    58.7593    58.1611    49.0926    55.2012    60.8532 
   53.8992    61.1527    49.2950    58.4004    50.2791    53.2147    75.3723    57.0326    54.8921    48.3934 
   56.3564    62.3206    54.6152    62.1211    49.8046    62.6058    52.3300    47.4052    57.9044    64.5096 
   63.4759    51.6731    47.4012    59.4251    67.5770    65.6680    51.1522    47.8090    61.1654    48.2588 
   62.5627    50.7194    48.7207    65.2017    49.2093    52.1118    52.5443    53.4715    53.7757    55.5506 
   57.6160    59.9206 
